[2024-09-01T18:48:49.038+0000] {processor.py:161} INFO - Started process (PID=647) to work on /opt/airflow/dags/scrapy_dag.py
[2024-09-01T18:48:49.038+0000] {processor.py:830} INFO - Processing file /opt/airflow/dags/scrapy_dag.py for tasks to queue
[2024-09-01T18:48:49.039+0000] {logging_mixin.py:188} INFO - [2024-09-01T18:48:49.039+0000] {dagbag.py:545} INFO - Filling up the DagBag from /opt/airflow/dags/scrapy_dag.py
[2024-09-01T18:48:49.074+0000] {processor.py:840} INFO - DAG(s) 'scrapy_dag' retrieved from /opt/airflow/dags/scrapy_dag.py
[2024-09-01T18:48:49.495+0000] {logging_mixin.py:188} INFO - [2024-09-01T18:48:49.495+0000] {override.py:1858} INFO - Created Permission View: can read on DAG:scrapy_dag
[2024-09-01T18:48:49.510+0000] {logging_mixin.py:188} INFO - [2024-09-01T18:48:49.510+0000] {override.py:1858} INFO - Created Permission View: can edit on DAG:scrapy_dag
[2024-09-01T18:48:49.521+0000] {logging_mixin.py:188} INFO - [2024-09-01T18:48:49.521+0000] {override.py:1858} INFO - Created Permission View: can delete on DAG:scrapy_dag
[2024-09-01T18:48:49.522+0000] {logging_mixin.py:188} INFO - [2024-09-01T18:48:49.522+0000] {dag.py:3089} INFO - Sync 1 DAGs
[2024-09-01T18:48:49.536+0000] {logging_mixin.py:188} INFO - [2024-09-01T18:48:49.535+0000] {dag.py:3111} INFO - Creating ORM DAG for scrapy_dag
[2024-09-01T18:48:49.547+0000] {logging_mixin.py:188} INFO - [2024-09-01T18:48:49.547+0000] {dag.py:3947} INFO - Setting next_dagrun for scrapy_dag to 2023-01-01 00:00:00+00:00, run_after=2023-01-02 00:00:00+00:00
[2024-09-01T18:48:49.565+0000] {processor.py:183} INFO - Processing /opt/airflow/dags/scrapy_dag.py took 0.532 seconds
[2024-09-01T18:49:19.663+0000] {processor.py:161} INFO - Started process (PID=654) to work on /opt/airflow/dags/scrapy_dag.py
[2024-09-01T18:49:19.664+0000] {processor.py:830} INFO - Processing file /opt/airflow/dags/scrapy_dag.py for tasks to queue
[2024-09-01T18:49:19.665+0000] {logging_mixin.py:188} INFO - [2024-09-01T18:49:19.665+0000] {dagbag.py:545} INFO - Filling up the DagBag from /opt/airflow/dags/scrapy_dag.py
[2024-09-01T18:49:19.672+0000] {processor.py:840} INFO - DAG(s) 'scrapy_dag' retrieved from /opt/airflow/dags/scrapy_dag.py
[2024-09-01T18:49:19.695+0000] {logging_mixin.py:188} INFO - [2024-09-01T18:49:19.695+0000] {dag.py:3089} INFO - Sync 1 DAGs
[2024-09-01T18:49:19.716+0000] {logging_mixin.py:188} INFO - [2024-09-01T18:49:19.716+0000] {dag.py:3947} INFO - Setting next_dagrun for scrapy_dag to 2023-01-01 00:00:00+00:00, run_after=2023-01-02 00:00:00+00:00
[2024-09-01T18:49:19.736+0000] {processor.py:183} INFO - Processing /opt/airflow/dags/scrapy_dag.py took 0.077 seconds
[2024-09-01T18:49:49.766+0000] {processor.py:161} INFO - Started process (PID=661) to work on /opt/airflow/dags/scrapy_dag.py
[2024-09-01T18:49:49.767+0000] {processor.py:830} INFO - Processing file /opt/airflow/dags/scrapy_dag.py for tasks to queue
[2024-09-01T18:49:49.768+0000] {logging_mixin.py:188} INFO - [2024-09-01T18:49:49.768+0000] {dagbag.py:545} INFO - Filling up the DagBag from /opt/airflow/dags/scrapy_dag.py
[2024-09-01T18:49:49.775+0000] {processor.py:840} INFO - DAG(s) 'scrapy_dag' retrieved from /opt/airflow/dags/scrapy_dag.py
[2024-09-01T18:49:49.795+0000] {logging_mixin.py:188} INFO - [2024-09-01T18:49:49.795+0000] {dag.py:3089} INFO - Sync 1 DAGs
[2024-09-01T18:49:49.812+0000] {logging_mixin.py:188} INFO - [2024-09-01T18:49:49.812+0000] {dag.py:3947} INFO - Setting next_dagrun for scrapy_dag to 2023-01-01 00:00:00+00:00, run_after=2023-01-02 00:00:00+00:00
[2024-09-01T18:49:49.830+0000] {processor.py:183} INFO - Processing /opt/airflow/dags/scrapy_dag.py took 0.068 seconds
[2024-09-01T18:50:19.920+0000] {processor.py:161} INFO - Started process (PID=668) to work on /opt/airflow/dags/scrapy_dag.py
[2024-09-01T18:50:19.921+0000] {processor.py:830} INFO - Processing file /opt/airflow/dags/scrapy_dag.py for tasks to queue
[2024-09-01T18:50:19.922+0000] {logging_mixin.py:188} INFO - [2024-09-01T18:50:19.922+0000] {dagbag.py:545} INFO - Filling up the DagBag from /opt/airflow/dags/scrapy_dag.py
[2024-09-01T18:50:19.928+0000] {processor.py:840} INFO - DAG(s) 'scrapy_dag' retrieved from /opt/airflow/dags/scrapy_dag.py
[2024-09-01T18:50:19.951+0000] {logging_mixin.py:188} INFO - [2024-09-01T18:50:19.950+0000] {dag.py:3089} INFO - Sync 1 DAGs
[2024-09-01T18:50:19.969+0000] {logging_mixin.py:188} INFO - [2024-09-01T18:50:19.968+0000] {dag.py:3947} INFO - Setting next_dagrun for scrapy_dag to 2023-01-01 00:00:00+00:00, run_after=2023-01-02 00:00:00+00:00
[2024-09-01T18:50:19.989+0000] {processor.py:183} INFO - Processing /opt/airflow/dags/scrapy_dag.py took 0.073 seconds
[2024-09-01T18:50:21.935+0000] {processor.py:161} INFO - Started process (PID=675) to work on /opt/airflow/dags/scrapy_dag.py
[2024-09-01T18:50:21.936+0000] {processor.py:830} INFO - Processing file /opt/airflow/dags/scrapy_dag.py for tasks to queue
[2024-09-01T18:50:21.937+0000] {logging_mixin.py:188} INFO - [2024-09-01T18:50:21.937+0000] {dagbag.py:545} INFO - Filling up the DagBag from /opt/airflow/dags/scrapy_dag.py
[2024-09-01T18:50:21.950+0000] {logging_mixin.py:188} INFO - [2024-09-01T18:50:21.939+0000] {dagbag.py:355} ERROR - Failed to import: /opt/airflow/dags/scrapy_dag.py
Traceback (most recent call last):
  File "/home/airflow/.local/lib/python3.12/site-packages/airflow/models/dagbag.py", line 351, in parse
    loader.exec_module(new_module)
  File "<frozen importlib._bootstrap_external>", line 991, in exec_module
  File "<frozen importlib._bootstrap_external>", line 1129, in get_code
  File "<frozen importlib._bootstrap_external>", line 1059, in source_to_code
  File "<frozen importlib._bootstrap>", line 488, in _call_with_frames_removed
  File "/opt/airflow/dags/scrapy_dag.py", line 24
    bash_command='scrapy runspider /dags/my_scraper/my_scraper/spiders/MySpider.py
                 ^
SyntaxError: unterminated string literal (detected at line 24)
[2024-09-01T18:50:21.951+0000] {processor.py:842} WARNING - No viable dags retrieved from /opt/airflow/dags/scrapy_dag.py
[2024-09-01T18:50:21.972+0000] {processor.py:183} INFO - Processing /opt/airflow/dags/scrapy_dag.py took 0.041 seconds
[2024-09-01T18:50:30.970+0000] {processor.py:161} INFO - Started process (PID=676) to work on /opt/airflow/dags/scrapy_dag.py
[2024-09-01T18:50:30.971+0000] {processor.py:830} INFO - Processing file /opt/airflow/dags/scrapy_dag.py for tasks to queue
[2024-09-01T18:50:30.972+0000] {logging_mixin.py:188} INFO - [2024-09-01T18:50:30.972+0000] {dagbag.py:545} INFO - Filling up the DagBag from /opt/airflow/dags/scrapy_dag.py
[2024-09-01T18:50:30.979+0000] {processor.py:840} INFO - DAG(s) 'scrapy_dag' retrieved from /opt/airflow/dags/scrapy_dag.py
[2024-09-01T18:50:31.008+0000] {logging_mixin.py:188} INFO - [2024-09-01T18:50:31.007+0000] {dag.py:3089} INFO - Sync 1 DAGs
[2024-09-01T18:50:31.032+0000] {logging_mixin.py:188} INFO - [2024-09-01T18:50:31.032+0000] {dag.py:3947} INFO - Setting next_dagrun for scrapy_dag to 2023-01-01 00:00:00+00:00, run_after=2023-01-02 00:00:00+00:00
[2024-09-01T18:50:31.071+0000] {processor.py:183} INFO - Processing /opt/airflow/dags/scrapy_dag.py took 0.106 seconds
[2024-09-01T18:50:56.094+0000] {processor.py:161} INFO - Started process (PID=683) to work on /opt/airflow/dags/scrapy_dag.py
[2024-09-01T18:50:56.094+0000] {processor.py:830} INFO - Processing file /opt/airflow/dags/scrapy_dag.py for tasks to queue
[2024-09-01T18:50:56.096+0000] {logging_mixin.py:188} INFO - [2024-09-01T18:50:56.095+0000] {dagbag.py:545} INFO - Filling up the DagBag from /opt/airflow/dags/scrapy_dag.py
[2024-09-01T18:50:56.103+0000] {processor.py:840} INFO - DAG(s) 'scrapy_dag' retrieved from /opt/airflow/dags/scrapy_dag.py
[2024-09-01T18:50:56.198+0000] {logging_mixin.py:188} INFO - [2024-09-01T18:50:56.198+0000] {dag.py:3089} INFO - Sync 1 DAGs
[2024-09-01T18:50:56.217+0000] {logging_mixin.py:188} INFO - [2024-09-01T18:50:56.216+0000] {dag.py:3947} INFO - Setting next_dagrun for scrapy_dag to 2023-01-01 00:00:00+00:00, run_after=2023-01-02 00:00:00+00:00
[2024-09-01T18:50:56.247+0000] {processor.py:183} INFO - Processing /opt/airflow/dags/scrapy_dag.py took 0.158 seconds
[2024-09-01T18:51:26.337+0000] {processor.py:161} INFO - Started process (PID=690) to work on /opt/airflow/dags/scrapy_dag.py
[2024-09-01T18:51:26.338+0000] {processor.py:830} INFO - Processing file /opt/airflow/dags/scrapy_dag.py for tasks to queue
[2024-09-01T18:51:26.339+0000] {logging_mixin.py:188} INFO - [2024-09-01T18:51:26.339+0000] {dagbag.py:545} INFO - Filling up the DagBag from /opt/airflow/dags/scrapy_dag.py
[2024-09-01T18:51:26.345+0000] {processor.py:840} INFO - DAG(s) 'scrapy_dag' retrieved from /opt/airflow/dags/scrapy_dag.py
[2024-09-01T18:51:26.366+0000] {logging_mixin.py:188} INFO - [2024-09-01T18:51:26.366+0000] {dag.py:3089} INFO - Sync 1 DAGs
[2024-09-01T18:51:26.383+0000] {logging_mixin.py:188} INFO - [2024-09-01T18:51:26.383+0000] {dag.py:3947} INFO - Setting next_dagrun for scrapy_dag to 2023-01-01 00:00:00+00:00, run_after=2023-01-02 00:00:00+00:00
[2024-09-01T18:51:26.401+0000] {processor.py:183} INFO - Processing /opt/airflow/dags/scrapy_dag.py took 0.068 seconds
[2024-09-01T18:51:56.439+0000] {processor.py:161} INFO - Started process (PID=697) to work on /opt/airflow/dags/scrapy_dag.py
[2024-09-01T18:51:56.439+0000] {processor.py:830} INFO - Processing file /opt/airflow/dags/scrapy_dag.py for tasks to queue
[2024-09-01T18:51:56.441+0000] {logging_mixin.py:188} INFO - [2024-09-01T18:51:56.440+0000] {dagbag.py:545} INFO - Filling up the DagBag from /opt/airflow/dags/scrapy_dag.py
[2024-09-01T18:51:56.447+0000] {processor.py:840} INFO - DAG(s) 'scrapy_dag' retrieved from /opt/airflow/dags/scrapy_dag.py
[2024-09-01T18:51:56.468+0000] {logging_mixin.py:188} INFO - [2024-09-01T18:51:56.468+0000] {dag.py:3089} INFO - Sync 1 DAGs
[2024-09-01T18:51:56.485+0000] {logging_mixin.py:188} INFO - [2024-09-01T18:51:56.485+0000] {dag.py:3947} INFO - Setting next_dagrun for scrapy_dag to 2023-01-01 00:00:00+00:00, run_after=2023-01-02 00:00:00+00:00
[2024-09-01T18:51:56.504+0000] {processor.py:183} INFO - Processing /opt/airflow/dags/scrapy_dag.py took 0.069 seconds
[2024-09-01T18:52:26.584+0000] {processor.py:161} INFO - Started process (PID=704) to work on /opt/airflow/dags/scrapy_dag.py
[2024-09-01T18:52:26.584+0000] {processor.py:830} INFO - Processing file /opt/airflow/dags/scrapy_dag.py for tasks to queue
[2024-09-01T18:52:26.585+0000] {logging_mixin.py:188} INFO - [2024-09-01T18:52:26.585+0000] {dagbag.py:545} INFO - Filling up the DagBag from /opt/airflow/dags/scrapy_dag.py
[2024-09-01T18:52:26.593+0000] {processor.py:840} INFO - DAG(s) 'scrapy_dag' retrieved from /opt/airflow/dags/scrapy_dag.py
[2024-09-01T18:52:26.620+0000] {logging_mixin.py:188} INFO - [2024-09-01T18:52:26.620+0000] {dag.py:3089} INFO - Sync 1 DAGs
[2024-09-01T18:52:26.640+0000] {logging_mixin.py:188} INFO - [2024-09-01T18:52:26.639+0000] {dag.py:3947} INFO - Setting next_dagrun for scrapy_dag to 2023-01-01 00:00:00+00:00, run_after=2023-01-02 00:00:00+00:00
[2024-09-01T18:52:26.657+0000] {processor.py:183} INFO - Processing /opt/airflow/dags/scrapy_dag.py took 0.078 seconds
[2024-09-01T18:52:56.706+0000] {processor.py:161} INFO - Started process (PID=715) to work on /opt/airflow/dags/scrapy_dag.py
[2024-09-01T18:52:56.706+0000] {processor.py:830} INFO - Processing file /opt/airflow/dags/scrapy_dag.py for tasks to queue
[2024-09-01T18:52:56.708+0000] {logging_mixin.py:188} INFO - [2024-09-01T18:52:56.707+0000] {dagbag.py:545} INFO - Filling up the DagBag from /opt/airflow/dags/scrapy_dag.py
[2024-09-01T18:52:56.714+0000] {processor.py:840} INFO - DAG(s) 'scrapy_dag' retrieved from /opt/airflow/dags/scrapy_dag.py
[2024-09-01T18:52:56.735+0000] {logging_mixin.py:188} INFO - [2024-09-01T18:52:56.735+0000] {dag.py:3089} INFO - Sync 1 DAGs
[2024-09-01T18:52:56.770+0000] {processor.py:183} INFO - Processing /opt/airflow/dags/scrapy_dag.py took 0.068 seconds
[2024-09-01T18:53:26.848+0000] {processor.py:161} INFO - Started process (PID=722) to work on /opt/airflow/dags/scrapy_dag.py
[2024-09-01T18:53:26.849+0000] {processor.py:830} INFO - Processing file /opt/airflow/dags/scrapy_dag.py for tasks to queue
[2024-09-01T18:53:26.850+0000] {logging_mixin.py:188} INFO - [2024-09-01T18:53:26.850+0000] {dagbag.py:545} INFO - Filling up the DagBag from /opt/airflow/dags/scrapy_dag.py
[2024-09-01T18:53:26.856+0000] {processor.py:840} INFO - DAG(s) 'scrapy_dag' retrieved from /opt/airflow/dags/scrapy_dag.py
[2024-09-01T18:53:26.877+0000] {logging_mixin.py:188} INFO - [2024-09-01T18:53:26.877+0000] {dag.py:3089} INFO - Sync 1 DAGs
[2024-09-01T18:53:26.911+0000] {processor.py:183} INFO - Processing /opt/airflow/dags/scrapy_dag.py took 0.067 seconds
[2024-09-01T18:53:56.963+0000] {processor.py:161} INFO - Started process (PID=729) to work on /opt/airflow/dags/scrapy_dag.py
[2024-09-01T18:53:56.964+0000] {processor.py:830} INFO - Processing file /opt/airflow/dags/scrapy_dag.py for tasks to queue
[2024-09-01T18:53:56.965+0000] {logging_mixin.py:188} INFO - [2024-09-01T18:53:56.965+0000] {dagbag.py:545} INFO - Filling up the DagBag from /opt/airflow/dags/scrapy_dag.py
[2024-09-01T18:53:56.971+0000] {processor.py:840} INFO - DAG(s) 'scrapy_dag' retrieved from /opt/airflow/dags/scrapy_dag.py
[2024-09-01T18:53:56.992+0000] {logging_mixin.py:188} INFO - [2024-09-01T18:53:56.992+0000] {dag.py:3089} INFO - Sync 1 DAGs
[2024-09-01T18:53:57.026+0000] {processor.py:183} INFO - Processing /opt/airflow/dags/scrapy_dag.py took 0.068 seconds
[2024-09-01T18:54:27.094+0000] {processor.py:161} INFO - Started process (PID=736) to work on /opt/airflow/dags/scrapy_dag.py
[2024-09-01T18:54:27.095+0000] {processor.py:830} INFO - Processing file /opt/airflow/dags/scrapy_dag.py for tasks to queue
[2024-09-01T18:54:27.096+0000] {logging_mixin.py:188} INFO - [2024-09-01T18:54:27.096+0000] {dagbag.py:545} INFO - Filling up the DagBag from /opt/airflow/dags/scrapy_dag.py
[2024-09-01T18:54:27.103+0000] {processor.py:840} INFO - DAG(s) 'scrapy_dag' retrieved from /opt/airflow/dags/scrapy_dag.py
[2024-09-01T18:54:27.123+0000] {logging_mixin.py:188} INFO - [2024-09-01T18:54:27.122+0000] {dag.py:3089} INFO - Sync 1 DAGs
[2024-09-01T18:54:27.159+0000] {processor.py:183} INFO - Processing /opt/airflow/dags/scrapy_dag.py took 0.069 seconds
[2024-09-01T18:54:57.210+0000] {processor.py:161} INFO - Started process (PID=743) to work on /opt/airflow/dags/scrapy_dag.py
[2024-09-01T18:54:57.211+0000] {processor.py:830} INFO - Processing file /opt/airflow/dags/scrapy_dag.py for tasks to queue
[2024-09-01T18:54:57.212+0000] {logging_mixin.py:188} INFO - [2024-09-01T18:54:57.212+0000] {dagbag.py:545} INFO - Filling up the DagBag from /opt/airflow/dags/scrapy_dag.py
[2024-09-01T18:54:57.218+0000] {processor.py:840} INFO - DAG(s) 'scrapy_dag' retrieved from /opt/airflow/dags/scrapy_dag.py
[2024-09-01T18:54:57.240+0000] {logging_mixin.py:188} INFO - [2024-09-01T18:54:57.240+0000] {dag.py:3089} INFO - Sync 1 DAGs
[2024-09-01T18:54:57.275+0000] {processor.py:183} INFO - Processing /opt/airflow/dags/scrapy_dag.py took 0.069 seconds
[2024-09-01T18:55:27.345+0000] {processor.py:161} INFO - Started process (PID=750) to work on /opt/airflow/dags/scrapy_dag.py
[2024-09-01T18:55:27.345+0000] {processor.py:830} INFO - Processing file /opt/airflow/dags/scrapy_dag.py for tasks to queue
[2024-09-01T18:55:27.347+0000] {logging_mixin.py:188} INFO - [2024-09-01T18:55:27.346+0000] {dagbag.py:545} INFO - Filling up the DagBag from /opt/airflow/dags/scrapy_dag.py
[2024-09-01T18:55:27.353+0000] {processor.py:840} INFO - DAG(s) 'scrapy_dag' retrieved from /opt/airflow/dags/scrapy_dag.py
[2024-09-01T18:55:27.374+0000] {logging_mixin.py:188} INFO - [2024-09-01T18:55:27.373+0000] {dag.py:3089} INFO - Sync 1 DAGs
[2024-09-01T18:55:27.409+0000] {processor.py:183} INFO - Processing /opt/airflow/dags/scrapy_dag.py took 0.069 seconds
[2024-09-01T18:55:57.460+0000] {processor.py:161} INFO - Started process (PID=757) to work on /opt/airflow/dags/scrapy_dag.py
[2024-09-01T18:55:57.461+0000] {processor.py:830} INFO - Processing file /opt/airflow/dags/scrapy_dag.py for tasks to queue
[2024-09-01T18:55:57.462+0000] {logging_mixin.py:188} INFO - [2024-09-01T18:55:57.462+0000] {dagbag.py:545} INFO - Filling up the DagBag from /opt/airflow/dags/scrapy_dag.py
[2024-09-01T18:55:57.468+0000] {processor.py:840} INFO - DAG(s) 'scrapy_dag' retrieved from /opt/airflow/dags/scrapy_dag.py
[2024-09-01T18:55:57.489+0000] {logging_mixin.py:188} INFO - [2024-09-01T18:55:57.489+0000] {dag.py:3089} INFO - Sync 1 DAGs
[2024-09-01T18:55:57.525+0000] {processor.py:183} INFO - Processing /opt/airflow/dags/scrapy_dag.py took 0.069 seconds
[2024-09-01T18:56:27.595+0000] {processor.py:161} INFO - Started process (PID=764) to work on /opt/airflow/dags/scrapy_dag.py
[2024-09-01T18:56:27.596+0000] {processor.py:830} INFO - Processing file /opt/airflow/dags/scrapy_dag.py for tasks to queue
[2024-09-01T18:56:27.597+0000] {logging_mixin.py:188} INFO - [2024-09-01T18:56:27.597+0000] {dagbag.py:545} INFO - Filling up the DagBag from /opt/airflow/dags/scrapy_dag.py
[2024-09-01T18:56:27.605+0000] {processor.py:840} INFO - DAG(s) 'scrapy_dag' retrieved from /opt/airflow/dags/scrapy_dag.py
[2024-09-01T18:56:27.634+0000] {logging_mixin.py:188} INFO - [2024-09-01T18:56:27.633+0000] {dag.py:3089} INFO - Sync 1 DAGs
[2024-09-01T18:56:27.682+0000] {processor.py:183} INFO - Processing /opt/airflow/dags/scrapy_dag.py took 0.092 seconds
[2024-09-01T18:56:57.707+0000] {processor.py:161} INFO - Started process (PID=771) to work on /opt/airflow/dags/scrapy_dag.py
[2024-09-01T18:56:57.708+0000] {processor.py:830} INFO - Processing file /opt/airflow/dags/scrapy_dag.py for tasks to queue
[2024-09-01T18:56:57.709+0000] {logging_mixin.py:188} INFO - [2024-09-01T18:56:57.709+0000] {dagbag.py:545} INFO - Filling up the DagBag from /opt/airflow/dags/scrapy_dag.py
[2024-09-01T18:56:57.715+0000] {processor.py:840} INFO - DAG(s) 'scrapy_dag' retrieved from /opt/airflow/dags/scrapy_dag.py
[2024-09-01T18:56:57.736+0000] {logging_mixin.py:188} INFO - [2024-09-01T18:56:57.736+0000] {dag.py:3089} INFO - Sync 1 DAGs
[2024-09-01T18:56:57.771+0000] {processor.py:183} INFO - Processing /opt/airflow/dags/scrapy_dag.py took 0.068 seconds
[2024-09-01T18:57:27.874+0000] {processor.py:161} INFO - Started process (PID=778) to work on /opt/airflow/dags/scrapy_dag.py
[2024-09-01T18:57:27.875+0000] {processor.py:830} INFO - Processing file /opt/airflow/dags/scrapy_dag.py for tasks to queue
[2024-09-01T18:57:27.876+0000] {logging_mixin.py:188} INFO - [2024-09-01T18:57:27.876+0000] {dagbag.py:545} INFO - Filling up the DagBag from /opt/airflow/dags/scrapy_dag.py
[2024-09-01T18:57:27.885+0000] {processor.py:840} INFO - DAG(s) 'scrapy_dag' retrieved from /opt/airflow/dags/scrapy_dag.py
[2024-09-01T18:57:27.917+0000] {logging_mixin.py:188} INFO - [2024-09-01T18:57:27.917+0000] {dag.py:3089} INFO - Sync 1 DAGs
[2024-09-01T18:57:27.969+0000] {processor.py:183} INFO - Processing /opt/airflow/dags/scrapy_dag.py took 0.101 seconds
[2024-09-01T18:57:57.995+0000] {processor.py:161} INFO - Started process (PID=799) to work on /opt/airflow/dags/scrapy_dag.py
[2024-09-01T18:57:57.996+0000] {processor.py:830} INFO - Processing file /opt/airflow/dags/scrapy_dag.py for tasks to queue
[2024-09-01T18:57:57.997+0000] {logging_mixin.py:188} INFO - [2024-09-01T18:57:57.997+0000] {dagbag.py:545} INFO - Filling up the DagBag from /opt/airflow/dags/scrapy_dag.py
[2024-09-01T18:57:58.004+0000] {processor.py:840} INFO - DAG(s) 'scrapy_dag' retrieved from /opt/airflow/dags/scrapy_dag.py
[2024-09-01T18:57:58.025+0000] {logging_mixin.py:188} INFO - [2024-09-01T18:57:58.025+0000] {dag.py:3089} INFO - Sync 1 DAGs
[2024-09-01T18:57:58.059+0000] {processor.py:183} INFO - Processing /opt/airflow/dags/scrapy_dag.py took 0.069 seconds
[2024-09-01T18:58:28.099+0000] {processor.py:161} INFO - Started process (PID=806) to work on /opt/airflow/dags/scrapy_dag.py
[2024-09-01T18:58:28.100+0000] {processor.py:830} INFO - Processing file /opt/airflow/dags/scrapy_dag.py for tasks to queue
[2024-09-01T18:58:28.101+0000] {logging_mixin.py:188} INFO - [2024-09-01T18:58:28.101+0000] {dagbag.py:545} INFO - Filling up the DagBag from /opt/airflow/dags/scrapy_dag.py
[2024-09-01T18:58:28.108+0000] {processor.py:840} INFO - DAG(s) 'scrapy_dag' retrieved from /opt/airflow/dags/scrapy_dag.py
[2024-09-01T18:58:28.129+0000] {logging_mixin.py:188} INFO - [2024-09-01T18:58:28.128+0000] {dag.py:3089} INFO - Sync 1 DAGs
[2024-09-01T18:58:28.163+0000] {processor.py:183} INFO - Processing /opt/airflow/dags/scrapy_dag.py took 0.068 seconds
[2024-09-01T18:58:58.256+0000] {processor.py:161} INFO - Started process (PID=813) to work on /opt/airflow/dags/scrapy_dag.py
[2024-09-01T18:58:58.257+0000] {processor.py:830} INFO - Processing file /opt/airflow/dags/scrapy_dag.py for tasks to queue
[2024-09-01T18:58:58.258+0000] {logging_mixin.py:188} INFO - [2024-09-01T18:58:58.258+0000] {dagbag.py:545} INFO - Filling up the DagBag from /opt/airflow/dags/scrapy_dag.py
[2024-09-01T18:58:58.265+0000] {processor.py:840} INFO - DAG(s) 'scrapy_dag' retrieved from /opt/airflow/dags/scrapy_dag.py
[2024-09-01T18:58:58.285+0000] {logging_mixin.py:188} INFO - [2024-09-01T18:58:58.285+0000] {dag.py:3089} INFO - Sync 1 DAGs
[2024-09-01T18:58:58.319+0000] {processor.py:183} INFO - Processing /opt/airflow/dags/scrapy_dag.py took 0.067 seconds
[2024-09-01T18:59:28.365+0000] {processor.py:161} INFO - Started process (PID=820) to work on /opt/airflow/dags/scrapy_dag.py
[2024-09-01T18:59:28.365+0000] {processor.py:830} INFO - Processing file /opt/airflow/dags/scrapy_dag.py for tasks to queue
[2024-09-01T18:59:28.366+0000] {logging_mixin.py:188} INFO - [2024-09-01T18:59:28.366+0000] {dagbag.py:545} INFO - Filling up the DagBag from /opt/airflow/dags/scrapy_dag.py
[2024-09-01T18:59:28.373+0000] {processor.py:840} INFO - DAG(s) 'scrapy_dag' retrieved from /opt/airflow/dags/scrapy_dag.py
[2024-09-01T18:59:28.394+0000] {logging_mixin.py:188} INFO - [2024-09-01T18:59:28.393+0000] {dag.py:3089} INFO - Sync 1 DAGs
[2024-09-01T18:59:28.430+0000] {processor.py:183} INFO - Processing /opt/airflow/dags/scrapy_dag.py took 0.070 seconds
[2024-09-01T18:59:58.500+0000] {processor.py:161} INFO - Started process (PID=827) to work on /opt/airflow/dags/scrapy_dag.py
[2024-09-01T18:59:58.500+0000] {processor.py:830} INFO - Processing file /opt/airflow/dags/scrapy_dag.py for tasks to queue
[2024-09-01T18:59:58.501+0000] {logging_mixin.py:188} INFO - [2024-09-01T18:59:58.501+0000] {dagbag.py:545} INFO - Filling up the DagBag from /opt/airflow/dags/scrapy_dag.py
[2024-09-01T18:59:58.508+0000] {processor.py:840} INFO - DAG(s) 'scrapy_dag' retrieved from /opt/airflow/dags/scrapy_dag.py
[2024-09-01T18:59:58.532+0000] {logging_mixin.py:188} INFO - [2024-09-01T18:59:58.532+0000] {dag.py:3089} INFO - Sync 1 DAGs
[2024-09-01T18:59:58.566+0000] {processor.py:183} INFO - Processing /opt/airflow/dags/scrapy_dag.py took 0.070 seconds
[2024-09-01T19:00:28.607+0000] {processor.py:161} INFO - Started process (PID=834) to work on /opt/airflow/dags/scrapy_dag.py
[2024-09-01T19:00:28.608+0000] {processor.py:830} INFO - Processing file /opt/airflow/dags/scrapy_dag.py for tasks to queue
[2024-09-01T19:00:28.609+0000] {logging_mixin.py:188} INFO - [2024-09-01T19:00:28.609+0000] {dagbag.py:545} INFO - Filling up the DagBag from /opt/airflow/dags/scrapy_dag.py
[2024-09-01T19:00:28.616+0000] {processor.py:840} INFO - DAG(s) 'scrapy_dag' retrieved from /opt/airflow/dags/scrapy_dag.py
[2024-09-01T19:00:28.637+0000] {logging_mixin.py:188} INFO - [2024-09-01T19:00:28.636+0000] {dag.py:3089} INFO - Sync 1 DAGs
[2024-09-01T19:00:28.672+0000] {processor.py:183} INFO - Processing /opt/airflow/dags/scrapy_dag.py took 0.068 seconds
[2024-09-01T19:00:58.749+0000] {processor.py:161} INFO - Started process (PID=841) to work on /opt/airflow/dags/scrapy_dag.py
[2024-09-01T19:00:58.750+0000] {processor.py:830} INFO - Processing file /opt/airflow/dags/scrapy_dag.py for tasks to queue
[2024-09-01T19:00:58.751+0000] {logging_mixin.py:188} INFO - [2024-09-01T19:00:58.751+0000] {dagbag.py:545} INFO - Filling up the DagBag from /opt/airflow/dags/scrapy_dag.py
[2024-09-01T19:00:58.757+0000] {processor.py:840} INFO - DAG(s) 'scrapy_dag' retrieved from /opt/airflow/dags/scrapy_dag.py
[2024-09-01T19:00:58.777+0000] {logging_mixin.py:188} INFO - [2024-09-01T19:00:58.777+0000] {dag.py:3089} INFO - Sync 1 DAGs
[2024-09-01T19:00:58.812+0000] {processor.py:183} INFO - Processing /opt/airflow/dags/scrapy_dag.py took 0.067 seconds
[2024-09-01T19:01:28.854+0000] {processor.py:161} INFO - Started process (PID=848) to work on /opt/airflow/dags/scrapy_dag.py
[2024-09-01T19:01:28.855+0000] {processor.py:830} INFO - Processing file /opt/airflow/dags/scrapy_dag.py for tasks to queue
[2024-09-01T19:01:28.856+0000] {logging_mixin.py:188} INFO - [2024-09-01T19:01:28.856+0000] {dagbag.py:545} INFO - Filling up the DagBag from /opt/airflow/dags/scrapy_dag.py
[2024-09-01T19:01:28.862+0000] {processor.py:840} INFO - DAG(s) 'scrapy_dag' retrieved from /opt/airflow/dags/scrapy_dag.py
[2024-09-01T19:01:28.883+0000] {logging_mixin.py:188} INFO - [2024-09-01T19:01:28.883+0000] {dag.py:3089} INFO - Sync 1 DAGs
[2024-09-01T19:01:28.919+0000] {processor.py:183} INFO - Processing /opt/airflow/dags/scrapy_dag.py took 0.069 seconds
[2024-09-01T19:01:59.003+0000] {processor.py:161} INFO - Started process (PID=855) to work on /opt/airflow/dags/scrapy_dag.py
[2024-09-01T19:01:59.004+0000] {processor.py:830} INFO - Processing file /opt/airflow/dags/scrapy_dag.py for tasks to queue
[2024-09-01T19:01:59.005+0000] {logging_mixin.py:188} INFO - [2024-09-01T19:01:59.005+0000] {dagbag.py:545} INFO - Filling up the DagBag from /opt/airflow/dags/scrapy_dag.py
[2024-09-01T19:01:59.012+0000] {processor.py:840} INFO - DAG(s) 'scrapy_dag' retrieved from /opt/airflow/dags/scrapy_dag.py
[2024-09-01T19:01:59.034+0000] {logging_mixin.py:188} INFO - [2024-09-01T19:01:59.034+0000] {dag.py:3089} INFO - Sync 1 DAGs
[2024-09-01T19:01:59.068+0000] {processor.py:183} INFO - Processing /opt/airflow/dags/scrapy_dag.py took 0.070 seconds
[2024-09-01T19:02:29.108+0000] {processor.py:161} INFO - Started process (PID=862) to work on /opt/airflow/dags/scrapy_dag.py
[2024-09-01T19:02:29.108+0000] {processor.py:830} INFO - Processing file /opt/airflow/dags/scrapy_dag.py for tasks to queue
[2024-09-01T19:02:29.110+0000] {logging_mixin.py:188} INFO - [2024-09-01T19:02:29.109+0000] {dagbag.py:545} INFO - Filling up the DagBag from /opt/airflow/dags/scrapy_dag.py
[2024-09-01T19:02:29.116+0000] {processor.py:840} INFO - DAG(s) 'scrapy_dag' retrieved from /opt/airflow/dags/scrapy_dag.py
[2024-09-01T19:02:29.137+0000] {logging_mixin.py:188} INFO - [2024-09-01T19:02:29.137+0000] {dag.py:3089} INFO - Sync 1 DAGs
[2024-09-01T19:02:29.173+0000] {processor.py:183} INFO - Processing /opt/airflow/dags/scrapy_dag.py took 0.069 seconds
[2024-09-01T19:02:59.269+0000] {processor.py:161} INFO - Started process (PID=889) to work on /opt/airflow/dags/scrapy_dag.py
[2024-09-01T19:02:59.270+0000] {processor.py:830} INFO - Processing file /opt/airflow/dags/scrapy_dag.py for tasks to queue
[2024-09-01T19:02:59.271+0000] {logging_mixin.py:188} INFO - [2024-09-01T19:02:59.271+0000] {dagbag.py:545} INFO - Filling up the DagBag from /opt/airflow/dags/scrapy_dag.py
[2024-09-01T19:02:59.278+0000] {processor.py:840} INFO - DAG(s) 'scrapy_dag' retrieved from /opt/airflow/dags/scrapy_dag.py
[2024-09-01T19:02:59.298+0000] {logging_mixin.py:188} INFO - [2024-09-01T19:02:59.298+0000] {dag.py:3089} INFO - Sync 1 DAGs
[2024-09-01T19:02:59.332+0000] {processor.py:183} INFO - Processing /opt/airflow/dags/scrapy_dag.py took 0.068 seconds
[2024-09-01T19:03:29.386+0000] {processor.py:161} INFO - Started process (PID=896) to work on /opt/airflow/dags/scrapy_dag.py
[2024-09-01T19:03:29.386+0000] {processor.py:830} INFO - Processing file /opt/airflow/dags/scrapy_dag.py for tasks to queue
[2024-09-01T19:03:29.388+0000] {logging_mixin.py:188} INFO - [2024-09-01T19:03:29.387+0000] {dagbag.py:545} INFO - Filling up the DagBag from /opt/airflow/dags/scrapy_dag.py
[2024-09-01T19:03:29.394+0000] {processor.py:840} INFO - DAG(s) 'scrapy_dag' retrieved from /opt/airflow/dags/scrapy_dag.py
[2024-09-01T19:03:29.421+0000] {logging_mixin.py:188} INFO - [2024-09-01T19:03:29.421+0000] {dag.py:3089} INFO - Sync 1 DAGs
[2024-09-01T19:03:29.468+0000] {processor.py:183} INFO - Processing /opt/airflow/dags/scrapy_dag.py took 0.087 seconds
[2024-09-01T19:03:59.544+0000] {processor.py:161} INFO - Started process (PID=903) to work on /opt/airflow/dags/scrapy_dag.py
[2024-09-01T19:03:59.545+0000] {processor.py:830} INFO - Processing file /opt/airflow/dags/scrapy_dag.py for tasks to queue
[2024-09-01T19:03:59.546+0000] {logging_mixin.py:188} INFO - [2024-09-01T19:03:59.546+0000] {dagbag.py:545} INFO - Filling up the DagBag from /opt/airflow/dags/scrapy_dag.py
[2024-09-01T19:03:59.553+0000] {processor.py:840} INFO - DAG(s) 'scrapy_dag' retrieved from /opt/airflow/dags/scrapy_dag.py
[2024-09-01T19:03:59.583+0000] {logging_mixin.py:188} INFO - [2024-09-01T19:03:59.582+0000] {dag.py:3089} INFO - Sync 1 DAGs
[2024-09-01T19:03:59.633+0000] {processor.py:183} INFO - Processing /opt/airflow/dags/scrapy_dag.py took 0.093 seconds
[2024-09-01T19:04:29.666+0000] {processor.py:161} INFO - Started process (PID=910) to work on /opt/airflow/dags/scrapy_dag.py
[2024-09-01T19:04:29.667+0000] {processor.py:830} INFO - Processing file /opt/airflow/dags/scrapy_dag.py for tasks to queue
[2024-09-01T19:04:29.668+0000] {logging_mixin.py:188} INFO - [2024-09-01T19:04:29.668+0000] {dagbag.py:545} INFO - Filling up the DagBag from /opt/airflow/dags/scrapy_dag.py
[2024-09-01T19:04:29.675+0000] {processor.py:840} INFO - DAG(s) 'scrapy_dag' retrieved from /opt/airflow/dags/scrapy_dag.py
[2024-09-01T19:04:29.701+0000] {logging_mixin.py:188} INFO - [2024-09-01T19:04:29.701+0000] {dag.py:3089} INFO - Sync 1 DAGs
[2024-09-01T19:04:29.745+0000] {processor.py:183} INFO - Processing /opt/airflow/dags/scrapy_dag.py took 0.083 seconds
[2024-09-01T19:04:59.837+0000] {processor.py:161} INFO - Started process (PID=917) to work on /opt/airflow/dags/scrapy_dag.py
[2024-09-01T19:04:59.838+0000] {processor.py:830} INFO - Processing file /opt/airflow/dags/scrapy_dag.py for tasks to queue
[2024-09-01T19:04:59.839+0000] {logging_mixin.py:188} INFO - [2024-09-01T19:04:59.839+0000] {dagbag.py:545} INFO - Filling up the DagBag from /opt/airflow/dags/scrapy_dag.py
[2024-09-01T19:04:59.846+0000] {processor.py:840} INFO - DAG(s) 'scrapy_dag' retrieved from /opt/airflow/dags/scrapy_dag.py
[2024-09-01T19:04:59.866+0000] {logging_mixin.py:188} INFO - [2024-09-01T19:04:59.866+0000] {dag.py:3089} INFO - Sync 1 DAGs
[2024-09-01T19:04:59.902+0000] {processor.py:183} INFO - Processing /opt/airflow/dags/scrapy_dag.py took 0.069 seconds
[2024-09-01T19:05:29.947+0000] {processor.py:161} INFO - Started process (PID=924) to work on /opt/airflow/dags/scrapy_dag.py
[2024-09-01T19:05:29.948+0000] {processor.py:830} INFO - Processing file /opt/airflow/dags/scrapy_dag.py for tasks to queue
[2024-09-01T19:05:29.949+0000] {logging_mixin.py:188} INFO - [2024-09-01T19:05:29.949+0000] {dagbag.py:545} INFO - Filling up the DagBag from /opt/airflow/dags/scrapy_dag.py
[2024-09-01T19:05:29.956+0000] {processor.py:840} INFO - DAG(s) 'scrapy_dag' retrieved from /opt/airflow/dags/scrapy_dag.py
[2024-09-01T19:05:29.978+0000] {logging_mixin.py:188} INFO - [2024-09-01T19:05:29.977+0000] {dag.py:3089} INFO - Sync 1 DAGs
[2024-09-01T19:05:30.014+0000] {processor.py:183} INFO - Processing /opt/airflow/dags/scrapy_dag.py took 0.071 seconds
[2024-09-01T19:06:00.100+0000] {processor.py:161} INFO - Started process (PID=931) to work on /opt/airflow/dags/scrapy_dag.py
[2024-09-01T19:06:00.101+0000] {processor.py:830} INFO - Processing file /opt/airflow/dags/scrapy_dag.py for tasks to queue
[2024-09-01T19:06:00.102+0000] {logging_mixin.py:188} INFO - [2024-09-01T19:06:00.102+0000] {dagbag.py:545} INFO - Filling up the DagBag from /opt/airflow/dags/scrapy_dag.py
[2024-09-01T19:06:00.108+0000] {processor.py:840} INFO - DAG(s) 'scrapy_dag' retrieved from /opt/airflow/dags/scrapy_dag.py
[2024-09-01T19:06:00.129+0000] {logging_mixin.py:188} INFO - [2024-09-01T19:06:00.129+0000] {dag.py:3089} INFO - Sync 1 DAGs
[2024-09-01T19:06:00.163+0000] {processor.py:183} INFO - Processing /opt/airflow/dags/scrapy_dag.py took 0.067 seconds
[2024-09-01T19:06:30.212+0000] {processor.py:161} INFO - Started process (PID=938) to work on /opt/airflow/dags/scrapy_dag.py
[2024-09-01T19:06:30.212+0000] {processor.py:830} INFO - Processing file /opt/airflow/dags/scrapy_dag.py for tasks to queue
[2024-09-01T19:06:30.214+0000] {logging_mixin.py:188} INFO - [2024-09-01T19:06:30.213+0000] {dagbag.py:545} INFO - Filling up the DagBag from /opt/airflow/dags/scrapy_dag.py
[2024-09-01T19:06:30.221+0000] {processor.py:840} INFO - DAG(s) 'scrapy_dag' retrieved from /opt/airflow/dags/scrapy_dag.py
[2024-09-01T19:06:30.249+0000] {logging_mixin.py:188} INFO - [2024-09-01T19:06:30.248+0000] {dag.py:3089} INFO - Sync 1 DAGs
[2024-09-01T19:06:30.292+0000] {processor.py:183} INFO - Processing /opt/airflow/dags/scrapy_dag.py took 0.085 seconds
[2024-09-01T19:07:00.380+0000] {processor.py:161} INFO - Started process (PID=945) to work on /opt/airflow/dags/scrapy_dag.py
[2024-09-01T19:07:00.382+0000] {processor.py:830} INFO - Processing file /opt/airflow/dags/scrapy_dag.py for tasks to queue
[2024-09-01T19:07:00.385+0000] {logging_mixin.py:188} INFO - [2024-09-01T19:07:00.384+0000] {dagbag.py:545} INFO - Filling up the DagBag from /opt/airflow/dags/scrapy_dag.py
[2024-09-01T19:07:00.394+0000] {processor.py:840} INFO - DAG(s) 'scrapy_dag' retrieved from /opt/airflow/dags/scrapy_dag.py
[2024-09-01T19:07:00.420+0000] {logging_mixin.py:188} INFO - [2024-09-01T19:07:00.420+0000] {dag.py:3089} INFO - Sync 1 DAGs
[2024-09-01T19:07:00.464+0000] {processor.py:183} INFO - Processing /opt/airflow/dags/scrapy_dag.py took 0.092 seconds
[2024-09-01T19:07:30.492+0000] {processor.py:161} INFO - Started process (PID=952) to work on /opt/airflow/dags/scrapy_dag.py
[2024-09-01T19:07:30.493+0000] {processor.py:830} INFO - Processing file /opt/airflow/dags/scrapy_dag.py for tasks to queue
[2024-09-01T19:07:30.495+0000] {logging_mixin.py:188} INFO - [2024-09-01T19:07:30.494+0000] {dagbag.py:545} INFO - Filling up the DagBag from /opt/airflow/dags/scrapy_dag.py
[2024-09-01T19:07:30.502+0000] {processor.py:840} INFO - DAG(s) 'scrapy_dag' retrieved from /opt/airflow/dags/scrapy_dag.py
[2024-09-01T19:07:30.528+0000] {logging_mixin.py:188} INFO - [2024-09-01T19:07:30.528+0000] {dag.py:3089} INFO - Sync 1 DAGs
[2024-09-01T19:07:30.568+0000] {processor.py:183} INFO - Processing /opt/airflow/dags/scrapy_dag.py took 0.081 seconds
[2024-09-01T19:08:00.693+0000] {processor.py:161} INFO - Started process (PID=981) to work on /opt/airflow/dags/scrapy_dag.py
[2024-09-01T19:08:00.693+0000] {processor.py:830} INFO - Processing file /opt/airflow/dags/scrapy_dag.py for tasks to queue
[2024-09-01T19:08:00.694+0000] {logging_mixin.py:188} INFO - [2024-09-01T19:08:00.694+0000] {dagbag.py:545} INFO - Filling up the DagBag from /opt/airflow/dags/scrapy_dag.py
[2024-09-01T19:08:00.701+0000] {processor.py:840} INFO - DAG(s) 'scrapy_dag' retrieved from /opt/airflow/dags/scrapy_dag.py
[2024-09-01T19:08:00.722+0000] {logging_mixin.py:188} INFO - [2024-09-01T19:08:00.722+0000] {dag.py:3089} INFO - Sync 1 DAGs
[2024-09-01T19:08:00.759+0000] {processor.py:183} INFO - Processing /opt/airflow/dags/scrapy_dag.py took 0.071 seconds
[2024-09-01T19:08:30.800+0000] {processor.py:161} INFO - Started process (PID=988) to work on /opt/airflow/dags/scrapy_dag.py
[2024-09-01T19:08:30.801+0000] {processor.py:830} INFO - Processing file /opt/airflow/dags/scrapy_dag.py for tasks to queue
[2024-09-01T19:08:30.802+0000] {logging_mixin.py:188} INFO - [2024-09-01T19:08:30.802+0000] {dagbag.py:545} INFO - Filling up the DagBag from /opt/airflow/dags/scrapy_dag.py
[2024-09-01T19:08:30.808+0000] {processor.py:840} INFO - DAG(s) 'scrapy_dag' retrieved from /opt/airflow/dags/scrapy_dag.py
[2024-09-01T19:08:30.829+0000] {logging_mixin.py:188} INFO - [2024-09-01T19:08:30.829+0000] {dag.py:3089} INFO - Sync 1 DAGs
[2024-09-01T19:08:30.869+0000] {processor.py:183} INFO - Processing /opt/airflow/dags/scrapy_dag.py took 0.073 seconds
[2024-09-01T19:09:00.961+0000] {processor.py:161} INFO - Started process (PID=995) to work on /opt/airflow/dags/scrapy_dag.py
[2024-09-01T19:09:00.961+0000] {processor.py:830} INFO - Processing file /opt/airflow/dags/scrapy_dag.py for tasks to queue
[2024-09-01T19:09:00.963+0000] {logging_mixin.py:188} INFO - [2024-09-01T19:09:00.963+0000] {dagbag.py:545} INFO - Filling up the DagBag from /opt/airflow/dags/scrapy_dag.py
[2024-09-01T19:09:00.970+0000] {processor.py:840} INFO - DAG(s) 'scrapy_dag' retrieved from /opt/airflow/dags/scrapy_dag.py
[2024-09-01T19:09:00.990+0000] {logging_mixin.py:188} INFO - [2024-09-01T19:09:00.990+0000] {dag.py:3089} INFO - Sync 1 DAGs
[2024-09-01T19:09:01.025+0000] {processor.py:183} INFO - Processing /opt/airflow/dags/scrapy_dag.py took 0.069 seconds
[2024-09-01T19:09:31.068+0000] {processor.py:161} INFO - Started process (PID=1002) to work on /opt/airflow/dags/scrapy_dag.py
[2024-09-01T19:09:31.069+0000] {processor.py:830} INFO - Processing file /opt/airflow/dags/scrapy_dag.py for tasks to queue
[2024-09-01T19:09:31.070+0000] {logging_mixin.py:188} INFO - [2024-09-01T19:09:31.070+0000] {dagbag.py:545} INFO - Filling up the DagBag from /opt/airflow/dags/scrapy_dag.py
[2024-09-01T19:09:31.076+0000] {processor.py:840} INFO - DAG(s) 'scrapy_dag' retrieved from /opt/airflow/dags/scrapy_dag.py
[2024-09-01T19:09:31.098+0000] {logging_mixin.py:188} INFO - [2024-09-01T19:09:31.097+0000] {dag.py:3089} INFO - Sync 1 DAGs
[2024-09-01T19:09:31.133+0000] {processor.py:183} INFO - Processing /opt/airflow/dags/scrapy_dag.py took 0.069 seconds
[2024-09-01T19:10:01.212+0000] {processor.py:161} INFO - Started process (PID=1009) to work on /opt/airflow/dags/scrapy_dag.py
[2024-09-01T19:10:01.213+0000] {processor.py:830} INFO - Processing file /opt/airflow/dags/scrapy_dag.py for tasks to queue
[2024-09-01T19:10:01.214+0000] {logging_mixin.py:188} INFO - [2024-09-01T19:10:01.214+0000] {dagbag.py:545} INFO - Filling up the DagBag from /opt/airflow/dags/scrapy_dag.py
[2024-09-01T19:10:01.221+0000] {processor.py:840} INFO - DAG(s) 'scrapy_dag' retrieved from /opt/airflow/dags/scrapy_dag.py
[2024-09-01T19:10:01.242+0000] {logging_mixin.py:188} INFO - [2024-09-01T19:10:01.241+0000] {dag.py:3089} INFO - Sync 1 DAGs
[2024-09-01T19:10:01.283+0000] {processor.py:183} INFO - Processing /opt/airflow/dags/scrapy_dag.py took 0.076 seconds
[2024-09-01T19:10:31.321+0000] {processor.py:161} INFO - Started process (PID=1018) to work on /opt/airflow/dags/scrapy_dag.py
[2024-09-01T19:10:31.322+0000] {processor.py:830} INFO - Processing file /opt/airflow/dags/scrapy_dag.py for tasks to queue
[2024-09-01T19:10:31.324+0000] {logging_mixin.py:188} INFO - [2024-09-01T19:10:31.324+0000] {dagbag.py:545} INFO - Filling up the DagBag from /opt/airflow/dags/scrapy_dag.py
[2024-09-01T19:10:31.333+0000] {processor.py:840} INFO - DAG(s) 'scrapy_dag' retrieved from /opt/airflow/dags/scrapy_dag.py
[2024-09-01T19:10:31.359+0000] {logging_mixin.py:188} INFO - [2024-09-01T19:10:31.359+0000] {dag.py:3089} INFO - Sync 1 DAGs
[2024-09-01T19:10:31.406+0000] {processor.py:183} INFO - Processing /opt/airflow/dags/scrapy_dag.py took 0.091 seconds
[2024-09-01T19:11:01.473+0000] {processor.py:161} INFO - Started process (PID=1025) to work on /opt/airflow/dags/scrapy_dag.py
[2024-09-01T19:11:01.473+0000] {processor.py:830} INFO - Processing file /opt/airflow/dags/scrapy_dag.py for tasks to queue
[2024-09-01T19:11:01.475+0000] {logging_mixin.py:188} INFO - [2024-09-01T19:11:01.474+0000] {dagbag.py:545} INFO - Filling up the DagBag from /opt/airflow/dags/scrapy_dag.py
[2024-09-01T19:11:01.481+0000] {processor.py:840} INFO - DAG(s) 'scrapy_dag' retrieved from /opt/airflow/dags/scrapy_dag.py
[2024-09-01T19:11:01.507+0000] {logging_mixin.py:188} INFO - [2024-09-01T19:11:01.507+0000] {dag.py:3089} INFO - Sync 1 DAGs
[2024-09-01T19:11:01.557+0000] {processor.py:183} INFO - Processing /opt/airflow/dags/scrapy_dag.py took 0.089 seconds
[2024-09-01T19:11:31.592+0000] {processor.py:161} INFO - Started process (PID=1032) to work on /opt/airflow/dags/scrapy_dag.py
[2024-09-01T19:11:31.593+0000] {processor.py:830} INFO - Processing file /opt/airflow/dags/scrapy_dag.py for tasks to queue
[2024-09-01T19:11:31.594+0000] {logging_mixin.py:188} INFO - [2024-09-01T19:11:31.594+0000] {dagbag.py:545} INFO - Filling up the DagBag from /opt/airflow/dags/scrapy_dag.py
[2024-09-01T19:11:31.603+0000] {processor.py:840} INFO - DAG(s) 'scrapy_dag' retrieved from /opt/airflow/dags/scrapy_dag.py
[2024-09-01T19:11:31.630+0000] {logging_mixin.py:188} INFO - [2024-09-01T19:11:31.629+0000] {dag.py:3089} INFO - Sync 1 DAGs
[2024-09-01T19:11:31.667+0000] {processor.py:183} INFO - Processing /opt/airflow/dags/scrapy_dag.py took 0.081 seconds
[2024-09-01T19:12:01.742+0000] {processor.py:161} INFO - Started process (PID=1039) to work on /opt/airflow/dags/scrapy_dag.py
[2024-09-01T19:12:01.743+0000] {processor.py:830} INFO - Processing file /opt/airflow/dags/scrapy_dag.py for tasks to queue
[2024-09-01T19:12:01.744+0000] {logging_mixin.py:188} INFO - [2024-09-01T19:12:01.744+0000] {dagbag.py:545} INFO - Filling up the DagBag from /opt/airflow/dags/scrapy_dag.py
[2024-09-01T19:12:01.751+0000] {processor.py:840} INFO - DAG(s) 'scrapy_dag' retrieved from /opt/airflow/dags/scrapy_dag.py
[2024-09-01T19:12:01.772+0000] {logging_mixin.py:188} INFO - [2024-09-01T19:12:01.772+0000] {dag.py:3089} INFO - Sync 1 DAGs
[2024-09-01T19:12:01.808+0000] {processor.py:183} INFO - Processing /opt/airflow/dags/scrapy_dag.py took 0.070 seconds
[2024-09-01T19:12:31.851+0000] {processor.py:161} INFO - Started process (PID=1046) to work on /opt/airflow/dags/scrapy_dag.py
[2024-09-01T19:12:31.851+0000] {processor.py:830} INFO - Processing file /opt/airflow/dags/scrapy_dag.py for tasks to queue
[2024-09-01T19:12:31.853+0000] {logging_mixin.py:188} INFO - [2024-09-01T19:12:31.852+0000] {dagbag.py:545} INFO - Filling up the DagBag from /opt/airflow/dags/scrapy_dag.py
[2024-09-01T19:12:31.859+0000] {processor.py:840} INFO - DAG(s) 'scrapy_dag' retrieved from /opt/airflow/dags/scrapy_dag.py
[2024-09-01T19:12:31.880+0000] {logging_mixin.py:188} INFO - [2024-09-01T19:12:31.880+0000] {dag.py:3089} INFO - Sync 1 DAGs
[2024-09-01T19:12:31.924+0000] {processor.py:183} INFO - Processing /opt/airflow/dags/scrapy_dag.py took 0.078 seconds
[2024-09-01T19:13:02.002+0000] {processor.py:161} INFO - Started process (PID=1063) to work on /opt/airflow/dags/scrapy_dag.py
[2024-09-01T19:13:02.003+0000] {processor.py:830} INFO - Processing file /opt/airflow/dags/scrapy_dag.py for tasks to queue
[2024-09-01T19:13:02.006+0000] {logging_mixin.py:188} INFO - [2024-09-01T19:13:02.005+0000] {dagbag.py:545} INFO - Filling up the DagBag from /opt/airflow/dags/scrapy_dag.py
[2024-09-01T19:13:02.014+0000] {processor.py:840} INFO - DAG(s) 'scrapy_dag' retrieved from /opt/airflow/dags/scrapy_dag.py
[2024-09-01T19:13:02.036+0000] {logging_mixin.py:188} INFO - [2024-09-01T19:13:02.036+0000] {dag.py:3089} INFO - Sync 1 DAGs
[2024-09-01T19:13:02.082+0000] {logging_mixin.py:188} INFO - [2024-09-01T19:13:02.082+0000] {dag.py:3947} INFO - Setting next_dagrun for scrapy_dag to 2023-03-05 00:00:00+00:00, run_after=2023-03-06 00:00:00+00:00
[2024-09-01T19:13:02.102+0000] {processor.py:183} INFO - Processing /opt/airflow/dags/scrapy_dag.py took 0.107 seconds
[2024-09-01T19:13:32.204+0000] {processor.py:161} INFO - Started process (PID=1070) to work on /opt/airflow/dags/scrapy_dag.py
[2024-09-01T19:13:32.204+0000] {processor.py:830} INFO - Processing file /opt/airflow/dags/scrapy_dag.py for tasks to queue
[2024-09-01T19:13:32.206+0000] {logging_mixin.py:188} INFO - [2024-09-01T19:13:32.205+0000] {dagbag.py:545} INFO - Filling up the DagBag from /opt/airflow/dags/scrapy_dag.py
[2024-09-01T19:13:32.212+0000] {processor.py:840} INFO - DAG(s) 'scrapy_dag' retrieved from /opt/airflow/dags/scrapy_dag.py
[2024-09-01T19:13:32.233+0000] {logging_mixin.py:188} INFO - [2024-09-01T19:13:32.233+0000] {dag.py:3089} INFO - Sync 1 DAGs
[2024-09-01T19:13:32.274+0000] {processor.py:183} INFO - Processing /opt/airflow/dags/scrapy_dag.py took 0.074 seconds
[2024-09-01T19:14:02.316+0000] {processor.py:161} INFO - Started process (PID=1077) to work on /opt/airflow/dags/scrapy_dag.py
[2024-09-01T19:14:02.316+0000] {processor.py:830} INFO - Processing file /opt/airflow/dags/scrapy_dag.py for tasks to queue
[2024-09-01T19:14:02.317+0000] {logging_mixin.py:188} INFO - [2024-09-01T19:14:02.317+0000] {dagbag.py:545} INFO - Filling up the DagBag from /opt/airflow/dags/scrapy_dag.py
[2024-09-01T19:14:02.324+0000] {processor.py:840} INFO - DAG(s) 'scrapy_dag' retrieved from /opt/airflow/dags/scrapy_dag.py
[2024-09-01T19:14:02.345+0000] {logging_mixin.py:188} INFO - [2024-09-01T19:14:02.345+0000] {dag.py:3089} INFO - Sync 1 DAGs
[2024-09-01T19:14:02.380+0000] {processor.py:183} INFO - Processing /opt/airflow/dags/scrapy_dag.py took 0.069 seconds
[2024-09-01T19:14:32.459+0000] {processor.py:161} INFO - Started process (PID=1084) to work on /opt/airflow/dags/scrapy_dag.py
[2024-09-01T19:14:32.459+0000] {processor.py:830} INFO - Processing file /opt/airflow/dags/scrapy_dag.py for tasks to queue
[2024-09-01T19:14:32.461+0000] {logging_mixin.py:188} INFO - [2024-09-01T19:14:32.460+0000] {dagbag.py:545} INFO - Filling up the DagBag from /opt/airflow/dags/scrapy_dag.py
[2024-09-01T19:14:32.469+0000] {processor.py:840} INFO - DAG(s) 'scrapy_dag' retrieved from /opt/airflow/dags/scrapy_dag.py
[2024-09-01T19:14:32.491+0000] {logging_mixin.py:188} INFO - [2024-09-01T19:14:32.491+0000] {dag.py:3089} INFO - Sync 1 DAGs
[2024-09-01T19:14:32.527+0000] {processor.py:183} INFO - Processing /opt/airflow/dags/scrapy_dag.py took 0.072 seconds
[2024-09-01T19:15:02.565+0000] {processor.py:161} INFO - Started process (PID=1091) to work on /opt/airflow/dags/scrapy_dag.py
[2024-09-01T19:15:02.566+0000] {processor.py:830} INFO - Processing file /opt/airflow/dags/scrapy_dag.py for tasks to queue
[2024-09-01T19:15:02.567+0000] {logging_mixin.py:188} INFO - [2024-09-01T19:15:02.567+0000] {dagbag.py:545} INFO - Filling up the DagBag from /opt/airflow/dags/scrapy_dag.py
[2024-09-01T19:15:02.574+0000] {processor.py:840} INFO - DAG(s) 'scrapy_dag' retrieved from /opt/airflow/dags/scrapy_dag.py
[2024-09-01T19:15:02.595+0000] {logging_mixin.py:188} INFO - [2024-09-01T19:15:02.595+0000] {dag.py:3089} INFO - Sync 1 DAGs
[2024-09-01T19:15:02.632+0000] {processor.py:183} INFO - Processing /opt/airflow/dags/scrapy_dag.py took 0.071 seconds
[2024-09-01T19:15:32.708+0000] {processor.py:161} INFO - Started process (PID=1098) to work on /opt/airflow/dags/scrapy_dag.py
[2024-09-01T19:15:32.708+0000] {processor.py:830} INFO - Processing file /opt/airflow/dags/scrapy_dag.py for tasks to queue
[2024-09-01T19:15:32.710+0000] {logging_mixin.py:188} INFO - [2024-09-01T19:15:32.709+0000] {dagbag.py:545} INFO - Filling up the DagBag from /opt/airflow/dags/scrapy_dag.py
[2024-09-01T19:15:32.716+0000] {processor.py:840} INFO - DAG(s) 'scrapy_dag' retrieved from /opt/airflow/dags/scrapy_dag.py
[2024-09-01T19:15:32.736+0000] {logging_mixin.py:188} INFO - [2024-09-01T19:15:32.736+0000] {dag.py:3089} INFO - Sync 1 DAGs
[2024-09-01T19:15:32.772+0000] {processor.py:183} INFO - Processing /opt/airflow/dags/scrapy_dag.py took 0.068 seconds
[2024-09-01T19:16:02.814+0000] {processor.py:161} INFO - Started process (PID=1105) to work on /opt/airflow/dags/scrapy_dag.py
[2024-09-01T19:16:02.815+0000] {processor.py:830} INFO - Processing file /opt/airflow/dags/scrapy_dag.py for tasks to queue
[2024-09-01T19:16:02.816+0000] {logging_mixin.py:188} INFO - [2024-09-01T19:16:02.816+0000] {dagbag.py:545} INFO - Filling up the DagBag from /opt/airflow/dags/scrapy_dag.py
[2024-09-01T19:16:02.823+0000] {processor.py:840} INFO - DAG(s) 'scrapy_dag' retrieved from /opt/airflow/dags/scrapy_dag.py
[2024-09-01T19:16:02.844+0000] {logging_mixin.py:188} INFO - [2024-09-01T19:16:02.844+0000] {dag.py:3089} INFO - Sync 1 DAGs
[2024-09-01T19:16:02.881+0000] {processor.py:183} INFO - Processing /opt/airflow/dags/scrapy_dag.py took 0.072 seconds
[2024-09-01T19:16:32.952+0000] {processor.py:161} INFO - Started process (PID=1112) to work on /opt/airflow/dags/scrapy_dag.py
[2024-09-01T19:16:32.953+0000] {processor.py:830} INFO - Processing file /opt/airflow/dags/scrapy_dag.py for tasks to queue
[2024-09-01T19:16:32.954+0000] {logging_mixin.py:188} INFO - [2024-09-01T19:16:32.954+0000] {dagbag.py:545} INFO - Filling up the DagBag from /opt/airflow/dags/scrapy_dag.py
[2024-09-01T19:16:32.961+0000] {processor.py:840} INFO - DAG(s) 'scrapy_dag' retrieved from /opt/airflow/dags/scrapy_dag.py
[2024-09-01T19:16:32.981+0000] {logging_mixin.py:188} INFO - [2024-09-01T19:16:32.981+0000] {dag.py:3089} INFO - Sync 1 DAGs
[2024-09-01T19:16:33.018+0000] {processor.py:183} INFO - Processing /opt/airflow/dags/scrapy_dag.py took 0.070 seconds
[2024-09-01T19:17:03.068+0000] {processor.py:161} INFO - Started process (PID=1119) to work on /opt/airflow/dags/scrapy_dag.py
[2024-09-01T19:17:03.068+0000] {processor.py:830} INFO - Processing file /opt/airflow/dags/scrapy_dag.py for tasks to queue
[2024-09-01T19:17:03.070+0000] {logging_mixin.py:188} INFO - [2024-09-01T19:17:03.069+0000] {dagbag.py:545} INFO - Filling up the DagBag from /opt/airflow/dags/scrapy_dag.py
[2024-09-01T19:17:03.076+0000] {processor.py:840} INFO - DAG(s) 'scrapy_dag' retrieved from /opt/airflow/dags/scrapy_dag.py
[2024-09-01T19:17:03.098+0000] {logging_mixin.py:188} INFO - [2024-09-01T19:17:03.098+0000] {dag.py:3089} INFO - Sync 1 DAGs
[2024-09-01T19:17:03.132+0000] {processor.py:183} INFO - Processing /opt/airflow/dags/scrapy_dag.py took 0.069 seconds
[2024-09-01T19:17:33.209+0000] {processor.py:161} INFO - Started process (PID=1126) to work on /opt/airflow/dags/scrapy_dag.py
[2024-09-01T19:17:33.210+0000] {processor.py:830} INFO - Processing file /opt/airflow/dags/scrapy_dag.py for tasks to queue
[2024-09-01T19:17:33.212+0000] {logging_mixin.py:188} INFO - [2024-09-01T19:17:33.211+0000] {dagbag.py:545} INFO - Filling up the DagBag from /opt/airflow/dags/scrapy_dag.py
[2024-09-01T19:17:33.221+0000] {processor.py:840} INFO - DAG(s) 'scrapy_dag' retrieved from /opt/airflow/dags/scrapy_dag.py
[2024-09-01T19:17:33.254+0000] {logging_mixin.py:188} INFO - [2024-09-01T19:17:33.253+0000] {dag.py:3089} INFO - Sync 1 DAGs
[2024-09-01T19:17:33.305+0000] {processor.py:183} INFO - Processing /opt/airflow/dags/scrapy_dag.py took 0.102 seconds
[2024-09-01T19:18:03.394+0000] {processor.py:161} INFO - Started process (PID=1133) to work on /opt/airflow/dags/scrapy_dag.py
[2024-09-01T19:18:03.395+0000] {processor.py:830} INFO - Processing file /opt/airflow/dags/scrapy_dag.py for tasks to queue
[2024-09-01T19:18:03.396+0000] {logging_mixin.py:188} INFO - [2024-09-01T19:18:03.396+0000] {dagbag.py:545} INFO - Filling up the DagBag from /opt/airflow/dags/scrapy_dag.py
[2024-09-01T19:18:03.403+0000] {processor.py:840} INFO - DAG(s) 'scrapy_dag' retrieved from /opt/airflow/dags/scrapy_dag.py
[2024-09-01T19:18:03.424+0000] {logging_mixin.py:188} INFO - [2024-09-01T19:18:03.424+0000] {dag.py:3089} INFO - Sync 1 DAGs
[2024-09-01T19:18:03.465+0000] {processor.py:183} INFO - Processing /opt/airflow/dags/scrapy_dag.py took 0.075 seconds
[2024-09-01T19:18:33.516+0000] {processor.py:161} INFO - Started process (PID=1150) to work on /opt/airflow/dags/scrapy_dag.py
[2024-09-01T19:18:33.516+0000] {processor.py:830} INFO - Processing file /opt/airflow/dags/scrapy_dag.py for tasks to queue
[2024-09-01T19:18:33.518+0000] {logging_mixin.py:188} INFO - [2024-09-01T19:18:33.517+0000] {dagbag.py:545} INFO - Filling up the DagBag from /opt/airflow/dags/scrapy_dag.py
[2024-09-01T19:18:33.524+0000] {processor.py:840} INFO - DAG(s) 'scrapy_dag' retrieved from /opt/airflow/dags/scrapy_dag.py
[2024-09-01T19:18:33.547+0000] {logging_mixin.py:188} INFO - [2024-09-01T19:18:33.546+0000] {dag.py:3089} INFO - Sync 1 DAGs
[2024-09-01T19:18:33.583+0000] {processor.py:183} INFO - Processing /opt/airflow/dags/scrapy_dag.py took 0.072 seconds
[2024-09-01T19:19:03.663+0000] {processor.py:161} INFO - Started process (PID=1157) to work on /opt/airflow/dags/scrapy_dag.py
[2024-09-01T19:19:03.663+0000] {processor.py:830} INFO - Processing file /opt/airflow/dags/scrapy_dag.py for tasks to queue
[2024-09-01T19:19:03.665+0000] {logging_mixin.py:188} INFO - [2024-09-01T19:19:03.664+0000] {dagbag.py:545} INFO - Filling up the DagBag from /opt/airflow/dags/scrapy_dag.py
[2024-09-01T19:19:03.671+0000] {processor.py:840} INFO - DAG(s) 'scrapy_dag' retrieved from /opt/airflow/dags/scrapy_dag.py
[2024-09-01T19:19:03.694+0000] {logging_mixin.py:188} INFO - [2024-09-01T19:19:03.694+0000] {dag.py:3089} INFO - Sync 1 DAGs
[2024-09-01T19:19:03.728+0000] {processor.py:183} INFO - Processing /opt/airflow/dags/scrapy_dag.py took 0.070 seconds
[2024-09-01T19:19:33.767+0000] {processor.py:161} INFO - Started process (PID=1164) to work on /opt/airflow/dags/scrapy_dag.py
[2024-09-01T19:19:33.768+0000] {processor.py:830} INFO - Processing file /opt/airflow/dags/scrapy_dag.py for tasks to queue
[2024-09-01T19:19:33.769+0000] {logging_mixin.py:188} INFO - [2024-09-01T19:19:33.769+0000] {dagbag.py:545} INFO - Filling up the DagBag from /opt/airflow/dags/scrapy_dag.py
[2024-09-01T19:19:33.778+0000] {processor.py:840} INFO - DAG(s) 'scrapy_dag' retrieved from /opt/airflow/dags/scrapy_dag.py
[2024-09-01T19:19:33.818+0000] {logging_mixin.py:188} INFO - [2024-09-01T19:19:33.818+0000] {dag.py:3089} INFO - Sync 1 DAGs
[2024-09-01T19:19:33.877+0000] {processor.py:183} INFO - Processing /opt/airflow/dags/scrapy_dag.py took 0.114 seconds
[2024-09-01T19:20:03.917+0000] {processor.py:161} INFO - Started process (PID=1171) to work on /opt/airflow/dags/scrapy_dag.py
[2024-09-01T19:20:03.918+0000] {processor.py:830} INFO - Processing file /opt/airflow/dags/scrapy_dag.py for tasks to queue
[2024-09-01T19:20:03.919+0000] {logging_mixin.py:188} INFO - [2024-09-01T19:20:03.919+0000] {dagbag.py:545} INFO - Filling up the DagBag from /opt/airflow/dags/scrapy_dag.py
[2024-09-01T19:20:03.925+0000] {processor.py:840} INFO - DAG(s) 'scrapy_dag' retrieved from /opt/airflow/dags/scrapy_dag.py
[2024-09-01T19:20:03.947+0000] {logging_mixin.py:188} INFO - [2024-09-01T19:20:03.947+0000] {dag.py:3089} INFO - Sync 1 DAGs
[2024-09-01T19:20:03.982+0000] {processor.py:183} INFO - Processing /opt/airflow/dags/scrapy_dag.py took 0.069 seconds
[2024-09-01T19:20:34.062+0000] {processor.py:161} INFO - Started process (PID=1178) to work on /opt/airflow/dags/scrapy_dag.py
[2024-09-01T19:20:34.062+0000] {processor.py:830} INFO - Processing file /opt/airflow/dags/scrapy_dag.py for tasks to queue
[2024-09-01T19:20:34.064+0000] {logging_mixin.py:188} INFO - [2024-09-01T19:20:34.063+0000] {dagbag.py:545} INFO - Filling up the DagBag from /opt/airflow/dags/scrapy_dag.py
[2024-09-01T19:20:34.070+0000] {processor.py:840} INFO - DAG(s) 'scrapy_dag' retrieved from /opt/airflow/dags/scrapy_dag.py
[2024-09-01T19:20:34.091+0000] {logging_mixin.py:188} INFO - [2024-09-01T19:20:34.091+0000] {dag.py:3089} INFO - Sync 1 DAGs
[2024-09-01T19:20:34.126+0000] {processor.py:183} INFO - Processing /opt/airflow/dags/scrapy_dag.py took 0.069 seconds
[2024-09-01T19:21:04.173+0000] {processor.py:161} INFO - Started process (PID=1185) to work on /opt/airflow/dags/scrapy_dag.py
[2024-09-01T19:21:04.174+0000] {processor.py:830} INFO - Processing file /opt/airflow/dags/scrapy_dag.py for tasks to queue
[2024-09-01T19:21:04.175+0000] {logging_mixin.py:188} INFO - [2024-09-01T19:21:04.175+0000] {dagbag.py:545} INFO - Filling up the DagBag from /opt/airflow/dags/scrapy_dag.py
[2024-09-01T19:21:04.182+0000] {processor.py:840} INFO - DAG(s) 'scrapy_dag' retrieved from /opt/airflow/dags/scrapy_dag.py
[2024-09-01T19:21:04.204+0000] {logging_mixin.py:188} INFO - [2024-09-01T19:21:04.204+0000] {dag.py:3089} INFO - Sync 1 DAGs
[2024-09-01T19:21:04.240+0000] {processor.py:183} INFO - Processing /opt/airflow/dags/scrapy_dag.py took 0.072 seconds
