[2024-08-30T20:31:53.082+0000] {manager.py:470} INFO - Processing files using up to 2 processes at a time 
[2024-08-30T20:31:53.083+0000] {manager.py:471} INFO - Process each file at most once every 30 seconds
[2024-08-30T20:31:53.084+0000] {manager.py:472} INFO - Checking for new files in /opt/airflow/dags every 300 seconds
[2024-08-30T20:31:53.084+0000] {manager.py:737} INFO - Searching for files in /opt/airflow/dags
[2024-08-30T20:31:53.085+0000] {manager.py:740} INFO - There are 0 files in /opt/airflow/dags
[2024-08-30T20:36:54.073+0000] {manager.py:737} INFO - Searching for files in /opt/airflow/dags
[2024-08-30T20:36:54.073+0000] {manager.py:740} INFO - There are 0 files in /opt/airflow/dags
[2024-08-30T20:41:55.048+0000] {manager.py:737} INFO - Searching for files in /opt/airflow/dags
[2024-08-30T20:41:55.049+0000] {manager.py:740} INFO - There are 0 files in /opt/airflow/dags
[2024-08-30T20:46:56.022+0000] {manager.py:737} INFO - Searching for files in /opt/airflow/dags
[2024-08-30T20:46:56.022+0000] {manager.py:740} INFO - There are 0 files in /opt/airflow/dags
[2024-08-30T20:51:56.979+0000] {manager.py:737} INFO - Searching for files in /opt/airflow/dags
[2024-08-30T20:51:56.979+0000] {manager.py:740} INFO - There are 0 files in /opt/airflow/dags
[2024-08-30T20:56:57.944+0000] {manager.py:737} INFO - Searching for files in /opt/airflow/dags
[2024-08-30T20:56:57.944+0000] {manager.py:740} INFO - There are 0 files in /opt/airflow/dags
[2024-08-30T21:01:58.903+0000] {manager.py:737} INFO - Searching for files in /opt/airflow/dags
[2024-08-30T21:01:58.904+0000] {manager.py:740} INFO - There are 0 files in /opt/airflow/dags
[2024-08-30T21:06:59.877+0000] {manager.py:737} INFO - Searching for files in /opt/airflow/dags
[2024-08-30T21:06:59.878+0000] {manager.py:740} INFO - There are 0 files in /opt/airflow/dags
[2024-08-30T21:12:00.836+0000] {manager.py:737} INFO - Searching for files in /opt/airflow/dags
[2024-08-30T21:12:00.836+0000] {manager.py:740} INFO - There are 0 files in /opt/airflow/dags
[2024-08-30T21:17:01.772+0000] {manager.py:737} INFO - Searching for files in /opt/airflow/dags
[2024-08-30T21:17:01.773+0000] {manager.py:740} INFO - There are 0 files in /opt/airflow/dags
[2024-08-30T21:22:02.721+0000] {manager.py:737} INFO - Searching for files in /opt/airflow/dags
[2024-08-30T21:22:02.721+0000] {manager.py:740} INFO - There are 0 files in /opt/airflow/dags
[2024-08-30T21:27:03.677+0000] {manager.py:737} INFO - Searching for files in /opt/airflow/dags
[2024-08-30T21:27:03.678+0000] {manager.py:740} INFO - There are 0 files in /opt/airflow/dags
[2024-08-30T21:32:04.669+0000] {manager.py:737} INFO - Searching for files in /opt/airflow/dags
[2024-08-30T21:32:04.670+0000] {manager.py:740} INFO - There are 0 files in /opt/airflow/dags
[2024-08-31T18:51:16.824+0000] {manager.py:470} INFO - Processing files using up to 2 processes at a time 
[2024-08-31T18:51:16.824+0000] {manager.py:471} INFO - Process each file at most once every 30 seconds
[2024-08-31T18:51:16.825+0000] {manager.py:472} INFO - Checking for new files in /opt/airflow/dags every 300 seconds
[2024-08-31T18:51:16.825+0000] {manager.py:737} INFO - Searching for files in /opt/airflow/dags
[2024-08-31T18:51:16.826+0000] {manager.py:740} INFO - There are 0 files in /opt/airflow/dags
[2024-08-31T18:56:17.773+0000] {manager.py:737} INFO - Searching for files in /opt/airflow/dags
[2024-08-31T18:56:17.774+0000] {manager.py:740} INFO - There are 0 files in /opt/airflow/dags
[2024-08-31T19:01:18.700+0000] {manager.py:737} INFO - Searching for files in /opt/airflow/dags
[2024-08-31T19:01:18.700+0000] {manager.py:740} INFO - There are 0 files in /opt/airflow/dags
[2024-08-31T19:06:19.634+0000] {manager.py:737} INFO - Searching for files in /opt/airflow/dags
[2024-08-31T19:06:19.635+0000] {manager.py:740} INFO - There are 0 files in /opt/airflow/dags
[2024-08-31T19:11:20.582+0000] {manager.py:737} INFO - Searching for files in /opt/airflow/dags
[2024-08-31T19:11:20.583+0000] {manager.py:740} INFO - There are 0 files in /opt/airflow/dags
[2024-08-31T19:16:21.514+0000] {manager.py:737} INFO - Searching for files in /opt/airflow/dags
[2024-08-31T19:16:21.515+0000] {manager.py:740} INFO - There are 0 files in /opt/airflow/dags
[2024-08-31T19:21:22.439+0000] {manager.py:737} INFO - Searching for files in /opt/airflow/dags
[2024-08-31T19:21:22.440+0000] {manager.py:740} INFO - There are 0 files in /opt/airflow/dags
[2024-08-31T19:26:23.366+0000] {manager.py:737} INFO - Searching for files in /opt/airflow/dags
[2024-08-31T19:26:23.367+0000] {manager.py:740} INFO - There are 0 files in /opt/airflow/dags
[2024-08-31T19:31:24.292+0000] {manager.py:737} INFO - Searching for files in /opt/airflow/dags
[2024-08-31T19:31:24.293+0000] {manager.py:740} INFO - There are 0 files in /opt/airflow/dags
[2024-08-31T19:43:03.943+0000] {manager.py:470} INFO - Processing files using up to 2 processes at a time 
[2024-08-31T19:43:03.944+0000] {manager.py:471} INFO - Process each file at most once every 30 seconds
[2024-08-31T19:43:03.944+0000] {manager.py:472} INFO - Checking for new files in /opt/airflow/dags every 300 seconds
[2024-08-31T19:43:03.945+0000] {manager.py:737} INFO - Searching for files in /opt/airflow/dags
[2024-08-31T19:43:03.946+0000] {manager.py:740} INFO - There are 0 files in /opt/airflow/dags
[2024-08-31T19:48:04.945+0000] {manager.py:737} INFO - Searching for files in /opt/airflow/dags
[2024-08-31T19:48:04.945+0000] {manager.py:740} INFO - There are 0 files in /opt/airflow/dags
[2024-08-31T19:53:05.917+0000] {manager.py:737} INFO - Searching for files in /opt/airflow/dags
[2024-08-31T19:53:05.918+0000] {manager.py:740} INFO - There are 0 files in /opt/airflow/dags
[2024-08-31T19:58:06.877+0000] {manager.py:737} INFO - Searching for files in /opt/airflow/dags
[2024-08-31T19:58:06.878+0000] {manager.py:740} INFO - There are 0 files in /opt/airflow/dags
[2024-08-31T20:03:07.837+0000] {manager.py:737} INFO - Searching for files in /opt/airflow/dags
[2024-08-31T20:03:07.838+0000] {manager.py:740} INFO - There are 0 files in /opt/airflow/dags
[2024-08-31T20:08:08.791+0000] {manager.py:737} INFO - Searching for files in /opt/airflow/dags
[2024-08-31T20:08:08.791+0000] {manager.py:740} INFO - There are 0 files in /opt/airflow/dags
[2024-08-31T20:13:09.755+0000] {manager.py:737} INFO - Searching for files in /opt/airflow/dags
[2024-08-31T20:13:09.755+0000] {manager.py:740} INFO - There are 0 files in /opt/airflow/dags
[2024-08-31T20:18:10.704+0000] {manager.py:737} INFO - Searching for files in /opt/airflow/dags
[2024-08-31T20:18:10.705+0000] {manager.py:740} INFO - There are 0 files in /opt/airflow/dags
[2024-08-31T20:23:11.660+0000] {manager.py:737} INFO - Searching for files in /opt/airflow/dags
[2024-08-31T20:23:11.660+0000] {manager.py:740} INFO - There are 0 files in /opt/airflow/dags
[2024-08-31T20:28:12.616+0000] {manager.py:737} INFO - Searching for files in /opt/airflow/dags
[2024-08-31T20:28:12.616+0000] {manager.py:740} INFO - There are 0 files in /opt/airflow/dags
[2024-08-31T20:33:13.574+0000] {manager.py:737} INFO - Searching for files in /opt/airflow/dags
[2024-08-31T20:33:13.574+0000] {manager.py:740} INFO - There are 0 files in /opt/airflow/dags
[2024-08-31T20:38:14.529+0000] {manager.py:737} INFO - Searching for files in /opt/airflow/dags
[2024-08-31T20:38:14.529+0000] {manager.py:740} INFO - There are 0 files in /opt/airflow/dags
[2024-08-31T20:43:15.493+0000] {manager.py:737} INFO - Searching for files in /opt/airflow/dags
[2024-08-31T20:43:15.493+0000] {manager.py:740} INFO - There are 0 files in /opt/airflow/dags
[2024-08-31T20:48:16.442+0000] {manager.py:737} INFO - Searching for files in /opt/airflow/dags
[2024-08-31T20:48:16.442+0000] {manager.py:740} INFO - There are 0 files in /opt/airflow/dags
[2024-08-31T20:53:17.386+0000] {manager.py:737} INFO - Searching for files in /opt/airflow/dags
[2024-08-31T20:53:17.386+0000] {manager.py:740} INFO - There are 0 files in /opt/airflow/dags
[2024-08-31T20:58:18.333+0000] {manager.py:737} INFO - Searching for files in /opt/airflow/dags
[2024-08-31T20:58:18.334+0000] {manager.py:740} INFO - There are 0 files in /opt/airflow/dags
[2024-08-31T21:03:19.309+0000] {manager.py:737} INFO - Searching for files in /opt/airflow/dags
[2024-08-31T21:03:19.309+0000] {manager.py:740} INFO - There are 0 files in /opt/airflow/dags
[2024-08-31T21:08:20.273+0000] {manager.py:737} INFO - Searching for files in /opt/airflow/dags
[2024-08-31T21:08:20.273+0000] {manager.py:740} INFO - There are 0 files in /opt/airflow/dags
[2024-08-31T21:13:21.237+0000] {manager.py:737} INFO - Searching for files in /opt/airflow/dags
[2024-08-31T21:13:21.238+0000] {manager.py:740} INFO - There are 0 files in /opt/airflow/dags
[2024-08-31T21:18:22.174+0000] {manager.py:737} INFO - Searching for files in /opt/airflow/dags
[2024-08-31T21:18:22.175+0000] {manager.py:740} INFO - There are 0 files in /opt/airflow/dags
[2024-08-31T21:23:23.134+0000] {manager.py:737} INFO - Searching for files in /opt/airflow/dags
[2024-08-31T21:23:23.134+0000] {manager.py:740} INFO - There are 0 files in /opt/airflow/dags
[2024-08-31T21:28:24.090+0000] {manager.py:737} INFO - Searching for files in /opt/airflow/dags
[2024-08-31T21:28:24.090+0000] {manager.py:740} INFO - There are 0 files in /opt/airflow/dags
[2024-08-31T21:33:25.044+0000] {manager.py:737} INFO - Searching for files in /opt/airflow/dags
[2024-08-31T21:33:25.045+0000] {manager.py:740} INFO - There are 0 files in /opt/airflow/dags
[2024-08-31T21:38:25.981+0000] {manager.py:737} INFO - Searching for files in /opt/airflow/dags
[2024-08-31T21:38:25.982+0000] {manager.py:740} INFO - There are 0 files in /opt/airflow/dags
[2024-08-31T21:43:26.950+0000] {manager.py:737} INFO - Searching for files in /opt/airflow/dags
[2024-08-31T21:43:26.951+0000] {manager.py:740} INFO - There are 0 files in /opt/airflow/dags
[2024-08-31T21:48:27.898+0000] {manager.py:737} INFO - Searching for files in /opt/airflow/dags
[2024-08-31T21:48:27.899+0000] {manager.py:740} INFO - There are 0 files in /opt/airflow/dags
[2024-08-31T21:53:28.840+0000] {manager.py:737} INFO - Searching for files in /opt/airflow/dags
[2024-08-31T21:53:28.840+0000] {manager.py:740} INFO - There are 0 files in /opt/airflow/dags
[2024-08-31T21:58:29.783+0000] {manager.py:737} INFO - Searching for files in /opt/airflow/dags
[2024-08-31T21:58:29.784+0000] {manager.py:740} INFO - There are 0 files in /opt/airflow/dags
[2024-08-31T22:03:30.717+0000] {manager.py:737} INFO - Searching for files in /opt/airflow/dags
[2024-08-31T22:03:30.718+0000] {manager.py:740} INFO - There are 0 files in /opt/airflow/dags
[2024-08-31T22:08:31.659+0000] {manager.py:737} INFO - Searching for files in /opt/airflow/dags
[2024-08-31T22:08:31.659+0000] {manager.py:740} INFO - There are 0 files in /opt/airflow/dags
[2024-08-31T22:13:32.593+0000] {manager.py:737} INFO - Searching for files in /opt/airflow/dags
[2024-08-31T22:13:32.594+0000] {manager.py:740} INFO - There are 0 files in /opt/airflow/dags
[2024-09-01T17:58:39.557+0000] {manager.py:470} INFO - Processing files using up to 2 processes at a time 
[2024-09-01T17:58:39.558+0000] {manager.py:471} INFO - Process each file at most once every 30 seconds
[2024-09-01T17:58:39.558+0000] {manager.py:472} INFO - Checking for new files in /opt/airflow/dags every 300 seconds
[2024-09-01T17:58:39.559+0000] {manager.py:737} INFO - Searching for files in /opt/airflow/dags
[2024-09-01T17:58:39.560+0000] {manager.py:740} INFO - There are 0 files in /opt/airflow/dags
[2024-09-01T18:03:40.559+0000] {manager.py:737} INFO - Searching for files in /opt/airflow/dags
[2024-09-01T18:03:40.560+0000] {manager.py:740} INFO - There are 0 files in /opt/airflow/dags
[2024-09-01T18:08:41.472+0000] {manager.py:737} INFO - Searching for files in /opt/airflow/dags
[2024-09-01T18:08:41.472+0000] {manager.py:740} INFO - There are 0 files in /opt/airflow/dags
[2024-09-01T18:13:42.416+0000] {manager.py:737} INFO - Searching for files in /opt/airflow/dags
[2024-09-01T18:13:42.419+0000] {manager.py:740} INFO - There are 0 files in /opt/airflow/dags
[2024-09-01T18:18:43.329+0000] {manager.py:737} INFO - Searching for files in /opt/airflow/dags
[2024-09-01T18:18:43.334+0000] {manager.py:740} INFO - There are 0 files in /opt/airflow/dags
[2024-09-01T18:23:44.269+0000] {manager.py:737} INFO - Searching for files in /opt/airflow/dags
[2024-09-01T18:23:44.272+0000] {manager.py:740} INFO - There are 0 files in /opt/airflow/dags
[2024-09-01T18:28:45.228+0000] {manager.py:737} INFO - Searching for files in /opt/airflow/dags
[2024-09-01T18:28:45.231+0000] {manager.py:740} INFO - There are 0 files in /opt/airflow/dags
[2024-09-01T18:33:46.160+0000] {manager.py:737} INFO - Searching for files in /opt/airflow/dags
[2024-09-01T18:33:46.163+0000] {manager.py:740} INFO - There are 0 files in /opt/airflow/dags
[2024-09-01T18:38:47.102+0000] {manager.py:737} INFO - Searching for files in /opt/airflow/dags
[2024-09-01T18:38:47.105+0000] {manager.py:740} INFO - There are 0 files in /opt/airflow/dags
[2024-09-01T18:43:48.051+0000] {manager.py:737} INFO - Searching for files in /opt/airflow/dags
[2024-09-01T18:43:48.054+0000] {manager.py:740} INFO - There are 0 files in /opt/airflow/dags
[2024-09-01T18:48:48.991+0000] {manager.py:737} INFO - Searching for files in /opt/airflow/dags
[2024-09-01T18:48:48.995+0000] {manager.py:740} INFO - There are 1 files in /opt/airflow/dags
[2024-09-01T18:48:49.035+0000] {manager.py:878} INFO - 
================================================================================
DAG File Processing Stats

File Path                          PID  Runtime      # DAGs    # Errors  Last Runtime    Last Run
-------------------------------  -----  ---------  --------  ----------  --------------  ----------
/opt/airflow/dags/scrapy_dag.py    647  0.01s             0           0
================================================================================
[2024-09-01T18:49:19.119+0000] {manager.py:878} INFO - 
================================================================================
DAG File Processing Stats

File Path                        PID    Runtime      # DAGs    # Errors  Last Runtime    Last Run
-------------------------------  -----  ---------  --------  ----------  --------------  -------------------
/opt/airflow/dags/scrapy_dag.py                           1           0  0.55s           2024-09-01T18:48:49
================================================================================
[2024-09-01T18:49:49.761+0000] {manager.py:878} INFO - 
================================================================================
DAG File Processing Stats

File Path                          PID  Runtime      # DAGs    # Errors  Last Runtime    Last Run
-------------------------------  -----  ---------  --------  ----------  --------------  -------------------
/opt/airflow/dags/scrapy_dag.py    661  0.00s             1           0  0.09s           2024-09-01T18:49:19
================================================================================
[2024-09-01T18:50:19.915+0000] {manager.py:878} INFO - 
================================================================================
DAG File Processing Stats

File Path                          PID  Runtime      # DAGs    # Errors  Last Runtime    Last Run
-------------------------------  -----  ---------  --------  ----------  --------------  -------------------
/opt/airflow/dags/scrapy_dag.py    668  0.00s             1           0  0.08s           2024-09-01T18:49:49
================================================================================
[2024-09-01T18:50:50.063+0000] {manager.py:878} INFO - 
================================================================================
DAG File Processing Stats

File Path                        PID    Runtime      # DAGs    # Errors  Last Runtime    Last Run
-------------------------------  -----  ---------  --------  ----------  --------------  -------------------
/opt/airflow/dags/scrapy_dag.py                           1           0  0.12s           2024-09-01T18:50:31
================================================================================
[2024-09-01T18:51:20.218+0000] {manager.py:878} INFO - 
================================================================================
DAG File Processing Stats

File Path                        PID    Runtime      # DAGs    # Errors  Last Runtime    Last Run
-------------------------------  -----  ---------  --------  ----------  --------------  -------------------
/opt/airflow/dags/scrapy_dag.py                           1           0  0.17s           2024-09-01T18:50:56
================================================================================
[2024-09-01T18:51:50.408+0000] {manager.py:878} INFO - 
================================================================================
DAG File Processing Stats

File Path                        PID    Runtime      # DAGs    # Errors  Last Runtime    Last Run
-------------------------------  -----  ---------  --------  ----------  --------------  -------------------
/opt/airflow/dags/scrapy_dag.py                           1           0  0.08s           2024-09-01T18:51:26
================================================================================
[2024-09-01T18:52:20.553+0000] {manager.py:878} INFO - 
================================================================================
DAG File Processing Stats

File Path                        PID    Runtime      # DAGs    # Errors  Last Runtime    Last Run
-------------------------------  -----  ---------  --------  ----------  --------------  -------------------
/opt/airflow/dags/scrapy_dag.py                           1           0  0.08s           2024-09-01T18:51:56
================================================================================
[2024-09-01T18:52:50.674+0000] {manager.py:878} INFO - 
================================================================================
DAG File Processing Stats

File Path                        PID    Runtime      # DAGs    # Errors  Last Runtime    Last Run
-------------------------------  -----  ---------  --------  ----------  --------------  -------------------
/opt/airflow/dags/scrapy_dag.py                           1           0  0.09s           2024-09-01T18:52:26
================================================================================
[2024-09-01T18:53:20.819+0000] {manager.py:878} INFO - 
================================================================================
DAG File Processing Stats

File Path                        PID    Runtime      # DAGs    # Errors  Last Runtime    Last Run
-------------------------------  -----  ---------  --------  ----------  --------------  -------------------
/opt/airflow/dags/scrapy_dag.py                           1           0  0.08s           2024-09-01T18:52:56
================================================================================
[2024-09-01T18:53:49.920+0000] {manager.py:737} INFO - Searching for files in /opt/airflow/dags
[2024-09-01T18:53:49.923+0000] {manager.py:740} INFO - There are 1 files in /opt/airflow/dags
[2024-09-01T18:53:50.932+0000] {manager.py:878} INFO - 
================================================================================
DAG File Processing Stats

File Path                        PID    Runtime      # DAGs    # Errors  Last Runtime    Last Run
-------------------------------  -----  ---------  --------  ----------  --------------  -------------------
/opt/airflow/dags/scrapy_dag.py                           1           0  0.08s           2024-09-01T18:53:26
================================================================================
[2024-09-01T18:54:21.063+0000] {manager.py:878} INFO - 
================================================================================
DAG File Processing Stats

File Path                        PID    Runtime      # DAGs    # Errors  Last Runtime    Last Run
-------------------------------  -----  ---------  --------  ----------  --------------  -------------------
/opt/airflow/dags/scrapy_dag.py                           1           0  0.08s           2024-09-01T18:53:57
================================================================================
[2024-09-01T18:54:51.180+0000] {manager.py:878} INFO - 
================================================================================
DAG File Processing Stats

File Path                        PID    Runtime      # DAGs    # Errors  Last Runtime    Last Run
-------------------------------  -----  ---------  --------  ----------  --------------  -------------------
/opt/airflow/dags/scrapy_dag.py                           1           0  0.08s           2024-09-01T18:54:27
================================================================================
[2024-09-01T18:55:21.314+0000] {manager.py:878} INFO - 
================================================================================
DAG File Processing Stats

File Path                        PID    Runtime      # DAGs    # Errors  Last Runtime    Last Run
-------------------------------  -----  ---------  --------  ----------  --------------  -------------------
/opt/airflow/dags/scrapy_dag.py                           1           0  0.08s           2024-09-01T18:54:57
================================================================================
[2024-09-01T18:55:51.428+0000] {manager.py:878} INFO - 
================================================================================
DAG File Processing Stats

File Path                        PID    Runtime      # DAGs    # Errors  Last Runtime    Last Run
-------------------------------  -----  ---------  --------  ----------  --------------  -------------------
/opt/airflow/dags/scrapy_dag.py                           1           0  0.08s           2024-09-01T18:55:27
================================================================================
[2024-09-01T18:56:21.561+0000] {manager.py:878} INFO - 
================================================================================
DAG File Processing Stats

File Path                        PID    Runtime      # DAGs    # Errors  Last Runtime    Last Run
-------------------------------  -----  ---------  --------  ----------  --------------  -------------------
/opt/airflow/dags/scrapy_dag.py                           1           0  0.08s           2024-09-01T18:55:57
================================================================================
[2024-09-01T18:56:51.676+0000] {manager.py:878} INFO - 
================================================================================
DAG File Processing Stats

File Path                        PID    Runtime      # DAGs    # Errors  Last Runtime    Last Run
-------------------------------  -----  ---------  --------  ----------  --------------  -------------------
/opt/airflow/dags/scrapy_dag.py                           1           0  0.11s           2024-09-01T18:56:27
================================================================================
[2024-09-01T18:57:21.835+0000] {manager.py:878} INFO - 
================================================================================
DAG File Processing Stats

File Path                        PID    Runtime      # DAGs    # Errors  Last Runtime    Last Run
-------------------------------  -----  ---------  --------  ----------  --------------  -------------------
/opt/airflow/dags/scrapy_dag.py                           1           0  0.08s           2024-09-01T18:56:57
================================================================================
[2024-09-01T18:57:51.963+0000] {manager.py:878} INFO - 
================================================================================
DAG File Processing Stats

File Path                        PID    Runtime      # DAGs    # Errors  Last Runtime    Last Run
-------------------------------  -----  ---------  --------  ----------  --------------  -------------------
/opt/airflow/dags/scrapy_dag.py                           1           0  0.13s           2024-09-01T18:57:27
================================================================================
[2024-09-01T18:58:22.068+0000] {manager.py:878} INFO - 
================================================================================
DAG File Processing Stats

File Path                        PID    Runtime      # DAGs    # Errors  Last Runtime    Last Run
-------------------------------  -----  ---------  --------  ----------  --------------  -------------------
/opt/airflow/dags/scrapy_dag.py                           1           0  0.08s           2024-09-01T18:57:58
================================================================================
[2024-09-01T18:58:50.211+0000] {manager.py:737} INFO - Searching for files in /opt/airflow/dags
[2024-09-01T18:58:50.214+0000] {manager.py:740} INFO - There are 1 files in /opt/airflow/dags
[2024-09-01T18:58:52.228+0000] {manager.py:878} INFO - 
================================================================================
DAG File Processing Stats

File Path                        PID    Runtime      # DAGs    # Errors  Last Runtime    Last Run
-------------------------------  -----  ---------  --------  ----------  --------------  -------------------
/opt/airflow/dags/scrapy_dag.py                           1           0  0.08s           2024-09-01T18:58:28
================================================================================
[2024-09-01T18:59:22.334+0000] {manager.py:878} INFO - 
================================================================================
DAG File Processing Stats

File Path                        PID    Runtime      # DAGs    # Errors  Last Runtime    Last Run
-------------------------------  -----  ---------  --------  ----------  --------------  -------------------
/opt/airflow/dags/scrapy_dag.py                           1           0  0.08s           2024-09-01T18:58:58
================================================================================
[2024-09-01T18:59:52.472+0000] {manager.py:878} INFO - 
================================================================================
DAG File Processing Stats

File Path                        PID    Runtime      # DAGs    # Errors  Last Runtime    Last Run
-------------------------------  -----  ---------  --------  ----------  --------------  -------------------
/opt/airflow/dags/scrapy_dag.py                           1           0  0.08s           2024-09-01T18:59:28
================================================================================
[2024-09-01T19:00:22.577+0000] {manager.py:878} INFO - 
================================================================================
DAG File Processing Stats

File Path                        PID    Runtime      # DAGs    # Errors  Last Runtime    Last Run
-------------------------------  -----  ---------  --------  ----------  --------------  -------------------
/opt/airflow/dags/scrapy_dag.py                           1           0  0.08s           2024-09-01T18:59:58
================================================================================
[2024-09-01T19:00:52.719+0000] {manager.py:878} INFO - 
================================================================================
DAG File Processing Stats

File Path                        PID    Runtime      # DAGs    # Errors  Last Runtime    Last Run
-------------------------------  -----  ---------  --------  ----------  --------------  -------------------
/opt/airflow/dags/scrapy_dag.py                           1           0  0.08s           2024-09-01T19:00:28
================================================================================
[2024-09-01T19:01:22.824+0000] {manager.py:878} INFO - 
================================================================================
DAG File Processing Stats

File Path                        PID    Runtime      # DAGs    # Errors  Last Runtime    Last Run
-------------------------------  -----  ---------  --------  ----------  --------------  -------------------
/opt/airflow/dags/scrapy_dag.py                           1           0  0.08s           2024-09-01T19:00:58
================================================================================
[2024-09-01T19:01:52.969+0000] {manager.py:878} INFO - 
================================================================================
DAG File Processing Stats

File Path                        PID    Runtime      # DAGs    # Errors  Last Runtime    Last Run
-------------------------------  -----  ---------  --------  ----------  --------------  -------------------
/opt/airflow/dags/scrapy_dag.py                           1           0  0.08s           2024-09-01T19:01:28
================================================================================
[2024-09-01T19:02:23.077+0000] {manager.py:878} INFO - 
================================================================================
DAG File Processing Stats

File Path                        PID    Runtime      # DAGs    # Errors  Last Runtime    Last Run
-------------------------------  -----  ---------  --------  ----------  --------------  -------------------
/opt/airflow/dags/scrapy_dag.py                           1           0  0.08s           2024-09-01T19:01:59
================================================================================
[2024-09-01T19:02:53.241+0000] {manager.py:878} INFO - 
================================================================================
DAG File Processing Stats

File Path                        PID    Runtime      # DAGs    # Errors  Last Runtime    Last Run
-------------------------------  -----  ---------  --------  ----------  --------------  -------------------
/opt/airflow/dags/scrapy_dag.py                           1           0  0.08s           2024-09-01T19:02:29
================================================================================
[2024-09-01T19:03:23.353+0000] {manager.py:878} INFO - 
================================================================================
DAG File Processing Stats

File Path                        PID    Runtime      # DAGs    # Errors  Last Runtime    Last Run
-------------------------------  -----  ---------  --------  ----------  --------------  -------------------
/opt/airflow/dags/scrapy_dag.py                           1           0  0.08s           2024-09-01T19:02:59
================================================================================
[2024-09-01T19:03:50.488+0000] {manager.py:737} INFO - Searching for files in /opt/airflow/dags
[2024-09-01T19:03:50.492+0000] {manager.py:740} INFO - There are 1 files in /opt/airflow/dags
[2024-09-01T19:03:53.510+0000] {manager.py:878} INFO - 
================================================================================
DAG File Processing Stats

File Path                        PID    Runtime      # DAGs    # Errors  Last Runtime    Last Run
-------------------------------  -----  ---------  --------  ----------  --------------  -------------------
/opt/airflow/dags/scrapy_dag.py                           1           0  0.10s           2024-09-01T19:03:29
================================================================================
[2024-09-01T19:04:23.634+0000] {manager.py:878} INFO - 
================================================================================
DAG File Processing Stats

File Path                        PID    Runtime      # DAGs    # Errors  Last Runtime    Last Run
-------------------------------  -----  ---------  --------  ----------  --------------  -------------------
/opt/airflow/dags/scrapy_dag.py                           1           0  0.11s           2024-09-01T19:03:59
================================================================================
[2024-09-01T19:04:53.808+0000] {manager.py:878} INFO - 
================================================================================
DAG File Processing Stats

File Path                        PID    Runtime      # DAGs    # Errors  Last Runtime    Last Run
-------------------------------  -----  ---------  --------  ----------  --------------  -------------------
/opt/airflow/dags/scrapy_dag.py                           1           0  0.10s           2024-09-01T19:04:29
================================================================================
[2024-09-01T19:05:23.918+0000] {manager.py:878} INFO - 
================================================================================
DAG File Processing Stats

File Path                        PID    Runtime      # DAGs    # Errors  Last Runtime    Last Run
-------------------------------  -----  ---------  --------  ----------  --------------  -------------------
/opt/airflow/dags/scrapy_dag.py                           1           0  0.08s           2024-09-01T19:04:59
================================================================================
[2024-09-01T19:05:54.068+0000] {manager.py:878} INFO - 
================================================================================
DAG File Processing Stats

File Path                        PID    Runtime      # DAGs    # Errors  Last Runtime    Last Run
-------------------------------  -----  ---------  --------  ----------  --------------  -------------------
/opt/airflow/dags/scrapy_dag.py                           1           0  0.08s           2024-09-01T19:05:30
================================================================================
[2024-09-01T19:06:24.181+0000] {manager.py:878} INFO - 
================================================================================
DAG File Processing Stats

File Path                        PID    Runtime      # DAGs    # Errors  Last Runtime    Last Run
-------------------------------  -----  ---------  --------  ----------  --------------  -------------------
/opt/airflow/dags/scrapy_dag.py                           1           0  0.08s           2024-09-01T19:06:00
================================================================================
[2024-09-01T19:06:54.341+0000] {manager.py:878} INFO - 
================================================================================
DAG File Processing Stats

File Path                        PID    Runtime      # DAGs    # Errors  Last Runtime    Last Run
-------------------------------  -----  ---------  --------  ----------  --------------  -------------------
/opt/airflow/dags/scrapy_dag.py                           1           0  0.10s           2024-09-01T19:06:30
================================================================================
[2024-09-01T19:07:24.461+0000] {manager.py:878} INFO - 
================================================================================
DAG File Processing Stats

File Path                        PID    Runtime      # DAGs    # Errors  Last Runtime    Last Run
-------------------------------  -----  ---------  --------  ----------  --------------  -------------------
/opt/airflow/dags/scrapy_dag.py                           1           0  0.11s           2024-09-01T19:07:00
================================================================================
[2024-09-01T19:07:54.660+0000] {manager.py:878} INFO - 
================================================================================
DAG File Processing Stats

File Path                        PID    Runtime      # DAGs    # Errors  Last Runtime    Last Run
-------------------------------  -----  ---------  --------  ----------  --------------  -------------------
/opt/airflow/dags/scrapy_dag.py                           1           0  0.09s           2024-09-01T19:07:30
================================================================================
[2024-09-01T19:08:24.770+0000] {manager.py:878} INFO - 
================================================================================
DAG File Processing Stats

File Path                        PID    Runtime      # DAGs    # Errors  Last Runtime    Last Run
-------------------------------  -----  ---------  --------  ----------  --------------  -------------------
/opt/airflow/dags/scrapy_dag.py                           1           0  0.08s           2024-09-01T19:08:00
================================================================================
[2024-09-01T19:08:50.901+0000] {manager.py:737} INFO - Searching for files in /opt/airflow/dags
[2024-09-01T19:08:50.907+0000] {manager.py:740} INFO - There are 1 files in /opt/airflow/dags
[2024-09-01T19:08:54.932+0000] {manager.py:878} INFO - 
================================================================================
DAG File Processing Stats

File Path                        PID    Runtime      # DAGs    # Errors  Last Runtime    Last Run
-------------------------------  -----  ---------  --------  ----------  --------------  -------------------
/opt/airflow/dags/scrapy_dag.py                           1           0  0.09s           2024-09-01T19:08:30
================================================================================
[2024-09-01T19:09:25.037+0000] {manager.py:878} INFO - 
================================================================================
DAG File Processing Stats

File Path                        PID    Runtime      # DAGs    # Errors  Last Runtime    Last Run
-------------------------------  -----  ---------  --------  ----------  --------------  -------------------
/opt/airflow/dags/scrapy_dag.py                           1           0  0.08s           2024-09-01T19:09:01
================================================================================
[2024-09-01T19:09:55.179+0000] {manager.py:878} INFO - 
================================================================================
DAG File Processing Stats

File Path                        PID    Runtime      # DAGs    # Errors  Last Runtime    Last Run
-------------------------------  -----  ---------  --------  ----------  --------------  -------------------
/opt/airflow/dags/scrapy_dag.py                           1           0  0.08s           2024-09-01T19:09:31
================================================================================
[2024-09-01T19:10:25.285+0000] {manager.py:878} INFO - 
================================================================================
DAG File Processing Stats

File Path                        PID    Runtime      # DAGs    # Errors  Last Runtime    Last Run
-------------------------------  -----  ---------  --------  ----------  --------------  -------------------
/opt/airflow/dags/scrapy_dag.py                           1           0  0.09s           2024-09-01T19:10:01
================================================================================
[2024-09-01T19:10:55.440+0000] {manager.py:878} INFO - 
================================================================================
DAG File Processing Stats

File Path                        PID    Runtime      # DAGs    # Errors  Last Runtime    Last Run
-------------------------------  -----  ---------  --------  ----------  --------------  -------------------
/opt/airflow/dags/scrapy_dag.py                           1           0  0.11s           2024-09-01T19:10:31
================================================================================
[2024-09-01T19:11:25.558+0000] {manager.py:878} INFO - 
================================================================================
DAG File Processing Stats

File Path                        PID    Runtime      # DAGs    # Errors  Last Runtime    Last Run
-------------------------------  -----  ---------  --------  ----------  --------------  -------------------
/opt/airflow/dags/scrapy_dag.py                           1           0  0.11s           2024-09-01T19:11:01
================================================================================
[2024-09-01T19:11:55.713+0000] {manager.py:878} INFO - 
================================================================================
DAG File Processing Stats

File Path                        PID    Runtime      # DAGs    # Errors  Last Runtime    Last Run
-------------------------------  -----  ---------  --------  ----------  --------------  -------------------
/opt/airflow/dags/scrapy_dag.py                           1           0  0.10s           2024-09-01T19:11:31
================================================================================
[2024-09-01T19:12:25.820+0000] {manager.py:878} INFO - 
================================================================================
DAG File Processing Stats

File Path                        PID    Runtime      # DAGs    # Errors  Last Runtime    Last Run
-------------------------------  -----  ---------  --------  ----------  --------------  -------------------
/opt/airflow/dags/scrapy_dag.py                           1           0  0.08s           2024-09-01T19:12:01
================================================================================
[2024-09-01T19:12:55.963+0000] {manager.py:878} INFO - 
================================================================================
DAG File Processing Stats

File Path                        PID    Runtime      # DAGs    # Errors  Last Runtime    Last Run
-------------------------------  -----  ---------  --------  ----------  --------------  -------------------
/opt/airflow/dags/scrapy_dag.py                           1           0  0.09s           2024-09-01T19:12:31
================================================================================
[2024-09-01T19:13:26.083+0000] {manager.py:878} INFO - 
================================================================================
DAG File Processing Stats

File Path                        PID    Runtime      # DAGs    # Errors  Last Runtime    Last Run
-------------------------------  -----  ---------  --------  ----------  --------------  -------------------
/opt/airflow/dags/scrapy_dag.py                           1           0  0.12s           2024-09-01T19:13:02
================================================================================
[2024-09-01T19:13:51.258+0000] {manager.py:737} INFO - Searching for files in /opt/airflow/dags
[2024-09-01T19:13:51.262+0000] {manager.py:740} INFO - There are 1 files in /opt/airflow/dags
[2024-09-01T19:13:56.285+0000] {manager.py:878} INFO - 
================================================================================
DAG File Processing Stats

File Path                        PID    Runtime      # DAGs    # Errors  Last Runtime    Last Run
-------------------------------  -----  ---------  --------  ----------  --------------  -------------------
/opt/airflow/dags/scrapy_dag.py                           1           0  0.09s           2024-09-01T19:13:32
================================================================================
[2024-09-01T19:14:26.426+0000] {manager.py:878} INFO - 
================================================================================
DAG File Processing Stats

File Path                        PID    Runtime      # DAGs    # Errors  Last Runtime    Last Run
-------------------------------  -----  ---------  --------  ----------  --------------  -------------------
/opt/airflow/dags/scrapy_dag.py                           1           0  0.08s           2024-09-01T19:14:02
================================================================================
[2024-09-01T19:14:56.536+0000] {manager.py:878} INFO - 
================================================================================
DAG File Processing Stats

File Path                        PID    Runtime      # DAGs    # Errors  Last Runtime    Last Run
-------------------------------  -----  ---------  --------  ----------  --------------  -------------------
/opt/airflow/dags/scrapy_dag.py                           1           0  0.09s           2024-09-01T19:14:32
================================================================================
[2024-09-01T19:15:26.679+0000] {manager.py:878} INFO - 
================================================================================
DAG File Processing Stats

File Path                        PID    Runtime      # DAGs    # Errors  Last Runtime    Last Run
-------------------------------  -----  ---------  --------  ----------  --------------  -------------------
/opt/airflow/dags/scrapy_dag.py                           1           0  0.08s           2024-09-01T19:15:02
================================================================================
[2024-09-01T19:15:56.784+0000] {manager.py:878} INFO - 
================================================================================
DAG File Processing Stats

File Path                        PID    Runtime      # DAGs    # Errors  Last Runtime    Last Run
-------------------------------  -----  ---------  --------  ----------  --------------  -------------------
/opt/airflow/dags/scrapy_dag.py                           1           0  0.08s           2024-09-01T19:15:32
================================================================================
[2024-09-01T19:16:26.920+0000] {manager.py:878} INFO - 
================================================================================
DAG File Processing Stats

File Path                        PID    Runtime      # DAGs    # Errors  Last Runtime    Last Run
-------------------------------  -----  ---------  --------  ----------  --------------  -------------------
/opt/airflow/dags/scrapy_dag.py                           1           0  0.08s           2024-09-01T19:16:02
================================================================================
[2024-09-01T19:16:57.037+0000] {manager.py:878} INFO - 
================================================================================
DAG File Processing Stats

File Path                        PID    Runtime      # DAGs    # Errors  Last Runtime    Last Run
-------------------------------  -----  ---------  --------  ----------  --------------  -------------------
/opt/airflow/dags/scrapy_dag.py                           1           0  0.08s           2024-09-01T19:16:33
================================================================================
[2024-09-01T19:17:27.174+0000] {manager.py:878} INFO - 
================================================================================
DAG File Processing Stats

File Path                        PID    Runtime      # DAGs    # Errors  Last Runtime    Last Run
-------------------------------  -----  ---------  --------  ----------  --------------  -------------------
/opt/airflow/dags/scrapy_dag.py                           1           0  0.08s           2024-09-01T19:17:03
================================================================================
[2024-09-01T19:17:57.284+0000] {manager.py:878} INFO - 
================================================================================
DAG File Processing Stats

File Path                        PID    Runtime      # DAGs    # Errors  Last Runtime    Last Run
-------------------------------  -----  ---------  --------  ----------  --------------  -------------------
/opt/airflow/dags/scrapy_dag.py                           1           0  0.12s           2024-09-01T19:17:33
================================================================================
[2024-09-01T19:18:27.486+0000] {manager.py:878} INFO - 
================================================================================
DAG File Processing Stats

File Path                        PID    Runtime      # DAGs    # Errors  Last Runtime    Last Run
-------------------------------  -----  ---------  --------  ----------  --------------  -------------------
/opt/airflow/dags/scrapy_dag.py                           1           0  0.09s           2024-09-01T19:18:03
================================================================================
[2024-09-01T19:18:51.603+0000] {manager.py:737} INFO - Searching for files in /opt/airflow/dags
[2024-09-01T19:18:51.606+0000] {manager.py:740} INFO - There are 1 files in /opt/airflow/dags
[2024-09-01T19:18:57.631+0000] {manager.py:878} INFO - 
================================================================================
DAG File Processing Stats

File Path                        PID    Runtime      # DAGs    # Errors  Last Runtime    Last Run
-------------------------------  -----  ---------  --------  ----------  --------------  -------------------
/opt/airflow/dags/scrapy_dag.py                           1           0  0.09s           2024-09-01T19:18:33
================================================================================
[2024-09-01T19:19:27.737+0000] {manager.py:878} INFO - 
================================================================================
DAG File Processing Stats

File Path                        PID    Runtime      # DAGs    # Errors  Last Runtime    Last Run
-------------------------------  -----  ---------  --------  ----------  --------------  -------------------
/opt/airflow/dags/scrapy_dag.py                           1           0  0.08s           2024-09-01T19:19:03
================================================================================
[2024-09-01T19:19:57.886+0000] {manager.py:878} INFO - 
================================================================================
DAG File Processing Stats

File Path                        PID    Runtime      # DAGs    # Errors  Last Runtime    Last Run
-------------------------------  -----  ---------  --------  ----------  --------------  -------------------
/opt/airflow/dags/scrapy_dag.py                           1           0  0.13s           2024-09-01T19:19:33
================================================================================
[2024-09-01T19:20:28.030+0000] {manager.py:878} INFO - 
================================================================================
DAG File Processing Stats

File Path                        PID    Runtime      # DAGs    # Errors  Last Runtime    Last Run
-------------------------------  -----  ---------  --------  ----------  --------------  -------------------
/opt/airflow/dags/scrapy_dag.py                           1           0  0.08s           2024-09-01T19:20:03
================================================================================
[2024-09-01T19:20:58.142+0000] {manager.py:878} INFO - 
================================================================================
DAG File Processing Stats

File Path                        PID    Runtime      # DAGs    # Errors  Last Runtime    Last Run
-------------------------------  -----  ---------  --------  ----------  --------------  -------------------
/opt/airflow/dags/scrapy_dag.py                           1           0  0.08s           2024-09-01T19:20:34
================================================================================
